#! /c/Source/iverilog-install/bin/vvp
:ivl_version "12.0 (devel)" "(s20150603-1539-g2693dd32b)";
:ivl_delay_selection "TYPICAL";
:vpi_time_precision - 12;
:vpi_module "C:\iverilog\lib\ivl\system.vpi";
:vpi_module "C:\iverilog\lib\ivl\vhdl_sys.vpi";
:vpi_module "C:\iverilog\lib\ivl\vhdl_textio.vpi";
:vpi_module "C:\iverilog\lib\ivl\v2005_math.vpi";
:vpi_module "C:\iverilog\lib\ivl\va_math.vpi";
S_000001994f9d4320 .scope module, "datapath_tb" "datapath_tb" 2 16;
 .timescale -9 -12;
v000001994fa51e90_0 .var "alu_ctrl", 2 0;
v000001994fa52390_0 .net "alu_result", 31 0, v000001994f9cf880_0;  1 drivers
v000001994fa52890_0 .var "alu_src", 0 0;
v000001994fa52430_0 .var "clk", 0 0;
v000001994fa53150_0 .var "mem_to_reg", 0 0;
v000001994fa52f70_0 .var "mem_write_en", 0 0;
v000001994fa52930_0 .net "pc_out", 31 0, L_000001994f9f84f0;  1 drivers
v000001994fa52e30_0 .var "reg_dst", 0 0;
v000001994fa536f0_0 .var "reg_write_en", 0 0;
v000001994fa52110_0 .var "rst_n", 0 0;
S_000001994f9d44b0 .scope module, "uut" "datapath" 2 41, 3 3 0, S_000001994f9d4320;
 .timescale -9 -12;
    .port_info 0 /INPUT 1 "clk";
    .port_info 1 /INPUT 1 "rst_n";
    .port_info 2 /INPUT 1 "reg_write_en";
    .port_info 3 /INPUT 1 "reg_dst";
    .port_info 4 /INPUT 1 "alu_src";
    .port_info 5 /INPUT 3 "alu_ctrl";
    .port_info 6 /INPUT 1 "mem_write_en";
    .port_info 7 /INPUT 1 "mem_to_reg";
    .port_info 8 /OUTPUT 32 "pc_out";
    .port_info 9 /OUTPUT 32 "alu_result";
L_000001994f9f84f0 .functor BUFZ 32, L_000001994f9f82c0, C4<00000000000000000000000000000000>, C4<00000000000000000000000000000000>, C4<00000000000000000000000000000000>;
v000001994fa51460_0 .net *"_ivl_13", 0 0, L_000001994fa53c90;  1 drivers
v000001994fa510a0_0 .net *"_ivl_14", 15 0, L_000001994fa51f30;  1 drivers
v000001994fa51500_0 .net *"_ivl_17", 15 0, L_000001994fa535b0;  1 drivers
v000001994fa515a0_0 .net *"_ivl_3", 4 0, L_000001994fa529d0;  1 drivers
v000001994fa51640_0 .net *"_ivl_5", 4 0, L_000001994fa531f0;  1 drivers
v000001994fa51780_0 .net "alu_ctrl", 2 0, v000001994fa51e90_0;  1 drivers
v000001994fa51820_0 .net "alu_result", 31 0, v000001994f9cf880_0;  alias, 1 drivers
v000001994fa518c0_0 .net "alu_src", 0 0, v000001994fa52890_0;  1 drivers
v000001994fa51a00_0 .net "clk", 0 0, v000001994fa52430_0;  1 drivers
v000001994fa51be0_0 .net "instr", 31 0, L_000001994f9f8170;  1 drivers
v000001994fa51c80_0 .net "mem_to_reg", 0 0, v000001994fa53150_0;  1 drivers
v000001994fa4fde0_0 .net "mem_write_en", 0 0, v000001994fa52f70_0;  1 drivers
v000001994fa52a70_0 .net "pc", 31 0, L_000001994f9f82c0;  1 drivers
v000001994fa53a10_0 .net "pc_out", 31 0, L_000001994f9f84f0;  alias, 1 drivers
v000001994fa52b10_0 .net "rd1", 31 0, L_000001994fa52610;  1 drivers
v000001994fa53bf0_0 .net "rd2", 31 0, L_000001994fa53b50;  1 drivers
v000001994fa530b0_0 .net "read_data", 31 0, L_000001994f9f8800;  1 drivers
v000001994fa53830_0 .net "reg_dst", 0 0, v000001994fa52e30_0;  1 drivers
v000001994fa51fd0_0 .net "reg_write_en", 0 0, v000001994fa536f0_0;  1 drivers
v000001994fa52d90_0 .net "result", 31 0, L_000001994fa53330;  1 drivers
v000001994fa538d0_0 .net "rst_n", 0 0, v000001994fa52110_0;  1 drivers
v000001994fa52cf0_0 .net "sign_imm", 31 0, L_000001994fa52070;  1 drivers
v000001994fa52bb0_0 .net "src_b", 31 0, L_000001994fa527f0;  1 drivers
v000001994fa52c50_0 .net "write_reg", 4 0, L_000001994fa524d0;  1 drivers
v000001994fa51df0_0 .net "zero_flag", 0 0, L_000001994fa52ed0;  1 drivers
L_000001994fa529d0 .part L_000001994f9f8170, 11, 5;
L_000001994fa531f0 .part L_000001994f9f8170, 16, 5;
L_000001994fa524d0 .functor MUXZ 5, L_000001994fa531f0, L_000001994fa529d0, v000001994fa52e30_0, C4<>;
L_000001994fa533d0 .part L_000001994f9f8170, 21, 5;
L_000001994fa53510 .part L_000001994f9f8170, 16, 5;
L_000001994fa53c90 .part L_000001994f9f8170, 15, 1;
LS_000001994fa51f30_0_0 .concat [ 1 1 1 1], L_000001994fa53c90, L_000001994fa53c90, L_000001994fa53c90, L_000001994fa53c90;
LS_000001994fa51f30_0_4 .concat [ 1 1 1 1], L_000001994fa53c90, L_000001994fa53c90, L_000001994fa53c90, L_000001994fa53c90;
LS_000001994fa51f30_0_8 .concat [ 1 1 1 1], L_000001994fa53c90, L_000001994fa53c90, L_000001994fa53c90, L_000001994fa53c90;
LS_000001994fa51f30_0_12 .concat [ 1 1 1 1], L_000001994fa53c90, L_000001994fa53c90, L_000001994fa53c90, L_000001994fa53c90;
L_000001994fa51f30 .concat [ 4 4 4 4], LS_000001994fa51f30_0_0, LS_000001994fa51f30_0_4, LS_000001994fa51f30_0_8, LS_000001994fa51f30_0_12;
L_000001994fa535b0 .part L_000001994f9f8170, 0, 16;
L_000001994fa52070 .concat [ 16 16 0 0], L_000001994fa535b0, L_000001994fa51f30;
L_000001994fa527f0 .functor MUXZ 32, L_000001994fa53b50, L_000001994fa52070, v000001994fa52890_0, C4<>;
L_000001994fa53330 .functor MUXZ 32, v000001994f9cf880_0, L_000001994f9f8800, v000001994fa53150_0, C4<>;
S_000001994f9fc320 .scope module, "u_alu" "alu" 3 59, 4 2 0, S_000001994f9d44b0;
 .timescale -9 -12;
    .port_info 0 /INPUT 32 "src_a";
    .port_info 1 /INPUT 32 "src_b";
    .port_info 2 /INPUT 3 "alu_ctrl";
    .port_info 3 /OUTPUT 32 "result";
    .port_info 4 /OUTPUT 1 "zero";
L_000001994fdd0280 .functor BUFT 1, C4<00000000000000000000000000000000>, C4<0>, C4<0>, C4<0>;
v000001994f9cf560_0 .net/2u *"_ivl_0", 31 0, L_000001994fdd0280;  1 drivers
v000001994f9cfce0_0 .net "alu_ctrl", 2 0, v000001994fa51e90_0;  alias, 1 drivers
v000001994f9cf880_0 .var "result", 31 0;
v000001994f9d00a0_0 .net "src_a", 31 0, L_000001994fa52610;  alias, 1 drivers
v000001994f9cfec0_0 .net "src_b", 31 0, L_000001994fa527f0;  alias, 1 drivers
v000001994f9cf6a0_0 .net "zero", 0 0, L_000001994fa52ed0;  alias, 1 drivers
E_000001994f9d0480 .event anyedge, v000001994f9cfce0_0, v000001994f9d00a0_0, v000001994f9cfec0_0;
L_000001994fa52ed0 .cmp/eq 32, v000001994f9cf880_0, L_000001994fdd0280;
S_000001994f9fc4b0 .scope module, "u_data_mem" "data_memory" 3 68, 5 2 0, S_000001994f9d44b0;
 .timescale -9 -12;
    .port_info 0 /INPUT 1 "clk";
    .port_info 1 /INPUT 1 "mem_write_en";
    .port_info 2 /INPUT 32 "addr";
    .port_info 3 /INPUT 32 "write_data";
    .port_info 4 /OUTPUT 32 "read_data";
P_000001994f9edb20 .param/l "DEPTH" 0 5 4, +C4<00000000000000000000000100000000>;
P_000001994f9edb58 .param/l "WIDTH" 0 5 3, +C4<00000000000000000000000000100000>;
L_000001994f9f8800 .functor BUFZ 32, L_000001994fa53010, C4<00000000000000000000000000000000>, C4<00000000000000000000000000000000>, C4<00000000000000000000000000000000>;
v000001994f9cf920_0 .net *"_ivl_0", 31 0, L_000001994fa53010;  1 drivers
v000001994f9cff60_0 .net *"_ivl_3", 29 0, L_000001994fa53650;  1 drivers
v000001994f9cf600_0 .net "addr", 31 0, v000001994f9cf880_0;  alias, 1 drivers
v000001994f9d0000_0 .net "clk", 0 0, v000001994fa52430_0;  alias, 1 drivers
v000001994f9d0140_0 .net "mem_write_en", 0 0, v000001994fa52f70_0;  alias, 1 drivers
v000001994f9d0280 .array "ram", 255 0, 31 0;
v000001994f9cf9c0_0 .net "read_data", 31 0, L_000001994f9f8800;  alias, 1 drivers
v000001994fa50ce0_0 .net "write_data", 31 0, L_000001994fa53b50;  alias, 1 drivers
E_000001994f9d0600 .event posedge, v000001994f9d0000_0;
L_000001994fa53010 .array/port v000001994f9d0280, L_000001994fa53650;
L_000001994fa53650 .part v000001994f9cf880_0, 2, 30;
S_000001994f9e76a0 .scope module, "u_if_stage" "if_stage" 3 29, 6 2 0, S_000001994f9d44b0;
 .timescale -9 -12;
    .port_info 0 /INPUT 1 "clk";
    .port_info 1 /INPUT 1 "rst_n";
    .port_info 2 /OUTPUT 32 "instr";
    .port_info 3 /OUTPUT 32 "current_pc";
L_000001994f9f82c0 .functor BUFZ 32, v000001994fa506a0_0, C4<00000000000000000000000000000000>, C4<00000000000000000000000000000000>, C4<00000000000000000000000000000000>;
L_000001994fdd0088 .functor BUFT 1, C4<00000000000000000000000000000100>, C4<0>, C4<0>, C4<0>;
v000001994fa502e0_0 .net/2u *"_ivl_0", 31 0, L_000001994fdd0088;  1 drivers
v000001994fa50880_0 .net "clk", 0 0, v000001994fa52430_0;  alias, 1 drivers
v000001994fa50920_0 .net "current_pc", 31 0, L_000001994f9f82c0;  alias, 1 drivers
v000001994fa4ff20_0 .net "instr", 31 0, L_000001994f9f8170;  alias, 1 drivers
v000001994fa50420_0 .net "pc", 31 0, v000001994fa506a0_0;  1 drivers
v000001994fa516e0_0 .net "pc_next", 31 0, L_000001994fa522f0;  1 drivers
v000001994fa509c0_0 .net "rst_n", 0 0, v000001994fa52110_0;  alias, 1 drivers
L_000001994fa522f0 .arith/sum 32, v000001994fa506a0_0, L_000001994fdd0088;
S_000001994f9e7830 .scope module, "u_imem" "instruction_memory" 6 20, 7 2 0, S_000001994f9e76a0;
 .timescale -9 -12;
    .port_info 0 /INPUT 32 "addr";
    .port_info 1 /OUTPUT 32 "rd";
P_000001994f9d4110 .param/l "DEPTH" 0 7 4, +C4<00000000000000000000000100000000>;
P_000001994f9d4148 .param/l "WIDTH" 0 7 3, +C4<00000000000000000000000000100000>;
L_000001994f9f8170 .functor BUFZ 32, L_000001994fa526b0, C4<00000000000000000000000000000000>, C4<00000000000000000000000000000000>, C4<00000000000000000000000000000000>;
v000001994fa50380_0 .net *"_ivl_0", 31 0, L_000001994fa526b0;  1 drivers
v000001994fa511e0_0 .net *"_ivl_3", 29 0, L_000001994fa53ab0;  1 drivers
v000001994fa50ec0_0 .net "addr", 31 0, v000001994fa506a0_0;  alias, 1 drivers
v000001994fa507e0 .array "ram", 255 0, 31 0;
v000001994fa4fe80_0 .net "rd", 31 0, L_000001994f9f8170;  alias, 1 drivers
L_000001994fa526b0 .array/port v000001994fa507e0, L_000001994fa53ab0;
L_000001994fa53ab0 .part v000001994fa506a0_0, 2, 30;
S_000001994f9ea690 .scope module, "u_pc" "pc" 6 11, 8 2 0, S_000001994f9e76a0;
 .timescale -9 -12;
    .port_info 0 /INPUT 1 "clk";
    .port_info 1 /INPUT 1 "rst_n";
    .port_info 2 /INPUT 32 "pc_next";
    .port_info 3 /OUTPUT 32 "pc";
v000001994fa501a0_0 .net "clk", 0 0, v000001994fa52430_0;  alias, 1 drivers
v000001994fa506a0_0 .var "pc", 31 0;
v000001994fa51320_0 .net "pc_next", 31 0, L_000001994fa522f0;  alias, 1 drivers
v000001994fa4ffc0_0 .net "rst_n", 0 0, v000001994fa52110_0;  alias, 1 drivers
E_000001994f9d08c0/0 .event negedge, v000001994fa4ffc0_0;
E_000001994f9d08c0/1 .event posedge, v000001994f9d0000_0;
E_000001994f9d08c0 .event/or E_000001994f9d08c0/0, E_000001994f9d08c0/1;
S_000001994f9ea820 .scope module, "u_reg_file" "reg_file" 3 41, 9 2 0, S_000001994f9d44b0;
 .timescale -9 -12;
    .port_info 0 /INPUT 1 "clk";
    .port_info 1 /INPUT 1 "we3";
    .port_info 2 /INPUT 5 "wa3";
    .port_info 3 /INPUT 32 "wd3";
    .port_info 4 /INPUT 5 "ra1";
    .port_info 5 /INPUT 5 "ra2";
    .port_info 6 /OUTPUT 32 "rd1";
    .port_info 7 /OUTPUT 32 "rd2";
L_000001994fdd00d0 .functor BUFT 1, C4<00000>, C4<0>, C4<0>, C4<0>;
v000001994fa50f60_0 .net/2u *"_ivl_0", 4 0, L_000001994fdd00d0;  1 drivers
L_000001994fdd0160 .functor BUFT 1, C4<00>, C4<0>, C4<0>, C4<0>;
v000001994fa51280_0 .net *"_ivl_11", 1 0, L_000001994fdd0160;  1 drivers
L_000001994fdd01a8 .functor BUFT 1, C4<00000>, C4<0>, C4<0>, C4<0>;
v000001994fa51140_0 .net/2u *"_ivl_14", 4 0, L_000001994fdd01a8;  1 drivers
v000001994fa50d80_0 .net *"_ivl_16", 0 0, L_000001994fa53970;  1 drivers
L_000001994fdd01f0 .functor BUFT 1, C4<00000000000000000000000000000000>, C4<0>, C4<0>, C4<0>;
v000001994fa504c0_0 .net/2u *"_ivl_18", 31 0, L_000001994fdd01f0;  1 drivers
v000001994fa50740_0 .net *"_ivl_2", 0 0, L_000001994fa53470;  1 drivers
v000001994fa51aa0_0 .net *"_ivl_20", 31 0, L_000001994fa53290;  1 drivers
v000001994fa50560_0 .net *"_ivl_22", 6 0, L_000001994fa52570;  1 drivers
L_000001994fdd0238 .functor BUFT 1, C4<00>, C4<0>, C4<0>, C4<0>;
v000001994fa50240_0 .net *"_ivl_25", 1 0, L_000001994fdd0238;  1 drivers
L_000001994fdd0118 .functor BUFT 1, C4<00000000000000000000000000000000>, C4<0>, C4<0>, C4<0>;
v000001994fa50600_0 .net/2u *"_ivl_4", 31 0, L_000001994fdd0118;  1 drivers
v000001994fa51000_0 .net *"_ivl_6", 31 0, L_000001994fa52750;  1 drivers
v000001994fa513c0_0 .net *"_ivl_8", 6 0, L_000001994fa53790;  1 drivers
v000001994fa50a60_0 .net "clk", 0 0, v000001994fa52430_0;  alias, 1 drivers
v000001994fa50060_0 .net "ra1", 4 0, L_000001994fa533d0;  1 drivers
v000001994fa50100_0 .net "ra2", 4 0, L_000001994fa53510;  1 drivers
v000001994fa50b00_0 .net "rd1", 31 0, L_000001994fa52610;  alias, 1 drivers
v000001994fa50ba0_0 .net "rd2", 31 0, L_000001994fa53b50;  alias, 1 drivers
v000001994fa50c40 .array "rf", 0 31, 31 0;
v000001994fa51b40_0 .net "wa3", 4 0, L_000001994fa524d0;  alias, 1 drivers
v000001994fa51960_0 .net "wd3", 31 0, L_000001994fa53330;  alias, 1 drivers
v000001994fa50e20_0 .net "we3", 0 0, v000001994fa536f0_0;  alias, 1 drivers
L_000001994fa53470 .cmp/eq 5, L_000001994fa533d0, L_000001994fdd00d0;
L_000001994fa52750 .array/port v000001994fa50c40, L_000001994fa53790;
L_000001994fa53790 .concat [ 5 2 0 0], L_000001994fa533d0, L_000001994fdd0160;
L_000001994fa52610 .functor MUXZ 32, L_000001994fa52750, L_000001994fdd0118, L_000001994fa53470, C4<>;
L_000001994fa53970 .cmp/eq 5, L_000001994fa53510, L_000001994fdd01a8;
L_000001994fa53290 .array/port v000001994fa50c40, L_000001994fa52570;
L_000001994fa52570 .concat [ 5 2 0 0], L_000001994fa53510, L_000001994fdd0238;
L_000001994fa53b50 .functor MUXZ 32, L_000001994fa53290, L_000001994fdd01f0, L_000001994fa53970, C4<>;
    .scope S_000001994f9ea690;
T_0 ;
    %wait E_000001994f9d08c0;
    %load/vec4 v000001994fa4ffc0_0;
    %nor/r;
    %flag_set/vec4 8;
    %jmp/0xz  T_0.0, 8;
    %pushi/vec4 0, 0, 32;
    %assign/vec4 v000001994fa506a0_0, 0;
    %jmp T_0.1;
T_0.0 ;
    %load/vec4 v000001994fa51320_0;
    %assign/vec4 v000001994fa506a0_0, 0;
T_0.1 ;
    %jmp T_0;
    .thread T_0;
    .scope S_000001994f9e7830;
T_1 ;
    %vpi_call 7 12 "$readmemh", "memfile.dat", v000001994fa507e0 {0 0 0};
    %end;
    .thread T_1;
    .scope S_000001994f9ea820;
T_2 ;
    %wait E_000001994f9d0600;
    %load/vec4 v000001994fa50e20_0;
    %flag_set/vec4 9;
    %flag_get/vec4 9;
    %jmp/0 T_2.2, 9;
    %load/vec4 v000001994fa51b40_0;
    %pushi/vec4 0, 0, 5;
    %cmp/ne;
    %flag_get/vec4 4;
    %and;
T_2.2;
    %flag_set/vec4 8;
    %jmp/0xz  T_2.0, 8;
    %load/vec4 v000001994fa51960_0;
    %load/vec4 v000001994fa51b40_0;
    %pad/u 7;
    %ix/vec4 3;
    %ix/load 4, 0, 0; Constant delay
    %assign/vec4/a/d v000001994fa50c40, 0, 4;
T_2.0 ;
    %jmp T_2;
    .thread T_2;
    .scope S_000001994f9fc320;
T_3 ;
    %wait E_000001994f9d0480;
    %load/vec4 v000001994f9cfce0_0;
    %dup/vec4;
    %pushi/vec4 0, 0, 3;
    %cmp/u;
    %jmp/1 T_3.0, 6;
    %dup/vec4;
    %pushi/vec4 1, 0, 3;
    %cmp/u;
    %jmp/1 T_3.1, 6;
    %dup/vec4;
    %pushi/vec4 2, 0, 3;
    %cmp/u;
    %jmp/1 T_3.2, 6;
    %dup/vec4;
    %pushi/vec4 6, 0, 3;
    %cmp/u;
    %jmp/1 T_3.3, 6;
    %dup/vec4;
    %pushi/vec4 7, 0, 3;
    %cmp/u;
    %jmp/1 T_3.4, 6;
    %pushi/vec4 0, 0, 32;
    %store/vec4 v000001994f9cf880_0, 0, 32;
    %jmp T_3.6;
T_3.0 ;
    %load/vec4 v000001994f9d00a0_0;
    %load/vec4 v000001994f9cfec0_0;
    %and;
    %store/vec4 v000001994f9cf880_0, 0, 32;
    %jmp T_3.6;
T_3.1 ;
    %load/vec4 v000001994f9d00a0_0;
    %load/vec4 v000001994f9cfec0_0;
    %or;
    %store/vec4 v000001994f9cf880_0, 0, 32;
    %jmp T_3.6;
T_3.2 ;
    %load/vec4 v000001994f9d00a0_0;
    %load/vec4 v000001994f9cfec0_0;
    %add;
    %store/vec4 v000001994f9cf880_0, 0, 32;
    %jmp T_3.6;
T_3.3 ;
    %load/vec4 v000001994f9d00a0_0;
    %load/vec4 v000001994f9cfec0_0;
    %sub;
    %store/vec4 v000001994f9cf880_0, 0, 32;
    %jmp T_3.6;
T_3.4 ;
    %load/vec4 v000001994f9d00a0_0;
    %load/vec4 v000001994f9cfec0_0;
    %cmp/s;
    %flag_mov 8, 5;
    %jmp/0 T_3.7, 8;
    %pushi/vec4 1, 0, 32;
    %jmp/1 T_3.8, 8;
T_3.7 ; End of true expr.
    %pushi/vec4 0, 0, 32;
    %jmp/0 T_3.8, 8;
 ; End of false expr.
    %blend;
T_3.8;
    %store/vec4 v000001994f9cf880_0, 0, 32;
    %jmp T_3.6;
T_3.6 ;
    %pop/vec4 1;
    %jmp T_3;
    .thread T_3, $push;
    .scope S_000001994f9fc4b0;
T_4 ;
    %wait E_000001994f9d0600;
    %load/vec4 v000001994f9d0140_0;
    %flag_set/vec4 8;
    %jmp/0xz  T_4.0, 8;
    %load/vec4 v000001994fa50ce0_0;
    %load/vec4 v000001994f9cf600_0;
    %parti/s 30, 2, 3;
    %ix/vec4 3;
    %ix/load 4, 0, 0; Constant delay
    %assign/vec4/a/d v000001994f9d0280, 0, 4;
T_4.0 ;
    %jmp T_4;
    .thread T_4;
    .scope S_000001994f9d4320;
T_5 ;
    %pushi/vec4 0, 0, 1;
    %store/vec4 v000001994fa52430_0, 0, 1;
T_5.0 ;
    %delay 5000, 0;
    %load/vec4 v000001994fa52430_0;
    %inv;
    %store/vec4 v000001994fa52430_0, 0, 1;
    %jmp T_5.0;
    %end;
    .thread T_5;
    .scope S_000001994f9d4320;
T_6 ;
    %vpi_call 2 66 "$dumpfile", "datapath.vcd" {0 0 0};
    %vpi_call 2 67 "$dumpvars", 32'sb00000000000000000000000000000000, S_000001994f9d4320 {0 0 0};
    %end;
    .thread T_6;
    .scope S_000001994f9d4320;
T_7 ;
    %pushi/vec4 0, 0, 1;
    %store/vec4 v000001994fa52110_0, 0, 1;
    %pushi/vec4 0, 0, 1;
    %store/vec4 v000001994fa536f0_0, 0, 1;
    %pushi/vec4 0, 0, 1;
    %store/vec4 v000001994fa52e30_0, 0, 1;
    %pushi/vec4 0, 0, 1;
    %store/vec4 v000001994fa52890_0, 0, 1;
    %pushi/vec4 0, 0, 3;
    %store/vec4 v000001994fa51e90_0, 0, 3;
    %pushi/vec4 0, 0, 1;
    %store/vec4 v000001994fa52f70_0, 0, 1;
    %pushi/vec4 0, 0, 1;
    %store/vec4 v000001994fa53150_0, 0, 1;
    %delay 10000, 0;
    %pushi/vec4 1, 0, 1;
    %store/vec4 v000001994fa52110_0, 0, 1;
    %vpi_call 2 86 "$display", "--- Start Simulation ---" {0 0 0};
    %pushi/vec4 1, 0, 1;
    %store/vec4 v000001994fa536f0_0, 0, 1;
    %pushi/vec4 1, 0, 1;
    %store/vec4 v000001994fa52890_0, 0, 1;
    %pushi/vec4 2, 0, 3;
    %store/vec4 v000001994fa51e90_0, 0, 3;
    %pushi/vec4 0, 0, 1;
    %store/vec4 v000001994fa52e30_0, 0, 1;
    %pushi/vec4 0, 0, 1;
    %store/vec4 v000001994fa52f70_0, 0, 1;
    %delay 2000, 0;
    %vpi_call 2 100 "$display", "PC: %h | Result: %d (Expected 7)", v000001994fa52930_0, v000001994fa52390_0 {0 0 0};
    %wait E_000001994f9d0600;
    %delay 1000, 0;
    %pushi/vec4 1, 0, 1;
    %store/vec4 v000001994fa536f0_0, 0, 1;
    %pushi/vec4 1, 0, 1;
    %store/vec4 v000001994fa52890_0, 0, 1;
    %pushi/vec4 2, 0, 3;
    %store/vec4 v000001994fa51e90_0, 0, 3;
    %pushi/vec4 0, 0, 1;
    %store/vec4 v000001994fa52e30_0, 0, 1;
    %pushi/vec4 0, 0, 1;
    %store/vec4 v000001994fa52f70_0, 0, 1;
    %delay 2000, 0;
    %vpi_call 2 115 "$display", "PC: %h | Result: %d (Expected 3)", v000001994fa52930_0, v000001994fa52390_0 {0 0 0};
    %wait E_000001994f9d0600;
    %delay 1000, 0;
    %pushi/vec4 1, 0, 1;
    %store/vec4 v000001994fa536f0_0, 0, 1;
    %pushi/vec4 0, 0, 1;
    %store/vec4 v000001994fa52890_0, 0, 1;
    %pushi/vec4 6, 0, 3;
    %store/vec4 v000001994fa51e90_0, 0, 3;
    %pushi/vec4 1, 0, 1;
    %store/vec4 v000001994fa52e30_0, 0, 1;
    %pushi/vec4 0, 0, 1;
    %store/vec4 v000001994fa52f70_0, 0, 1;
    %delay 2000, 0;
    %vpi_call 2 131 "$display", "PC: %h | Result: %d (Expected 4)", v000001994fa52930_0, v000001994fa52390_0 {0 0 0};
    %wait E_000001994f9d0600;
    %delay 1000, 0;
    %pushi/vec4 0, 0, 1;
    %store/vec4 v000001994fa536f0_0, 0, 1;
    %pushi/vec4 1, 0, 1;
    %store/vec4 v000001994fa52890_0, 0, 1;
    %pushi/vec4 2, 0, 3;
    %store/vec4 v000001994fa51e90_0, 0, 3;
    %pushi/vec4 1, 0, 1;
    %store/vec4 v000001994fa52f70_0, 0, 1;
    %delay 2000, 0;
    %vpi_call 2 146 "$display", "PC: %h | Store Addr: %d (Expected 4)", v000001994fa52930_0, v000001994fa52390_0 {0 0 0};
    %wait E_000001994f9d0600;
    %delay 20000, 0;
    %vpi_call 2 153 "$finish" {0 0 0};
    %end;
    .thread T_7;
# The file index is used to find the file name in the following table.
:file_names 10;
    "N/A";
    "<interactive>";
    "datapath_tb.v";
    "datapath.v";
    "alu.v";
    "data_memory.v";
    "if_stage.v";
    "instruction_memory.v";
    "pc.v";
    "reg_file.v";
