#! /c/Source/iverilog-install/bin/vvp
:ivl_version "12.0 (devel)" "(s20150603-1539-g2693dd32b)";
:ivl_delay_selection "TYPICAL";
:vpi_time_precision - 12;
:vpi_module "C:\iverilog\lib\ivl\system.vpi";
:vpi_module "C:\iverilog\lib\ivl\vhdl_sys.vpi";
:vpi_module "C:\iverilog\lib\ivl\vhdl_textio.vpi";
:vpi_module "C:\iverilog\lib\ivl\v2005_math.vpi";
:vpi_module "C:\iverilog\lib\ivl\va_math.vpi";
S_0000026f7fc43a60 .scope module, "if_stage" "if_stage" 2 2;
 .timescale -9 -12;
    .port_info 0 /INPUT 1 "clk";
    .port_info 1 /INPUT 1 "rst_n";
    .port_info 2 /INPUT 1 "pc_src";
    .port_info 3 /INPUT 32 "branch_target";
    .port_info 4 /OUTPUT 32 "instr";
    .port_info 5 /OUTPUT 32 "current_pc";
L_0000026f7fc3e910 .functor BUFZ 32, v0000026f7fc357c0_0, C4<00000000000000000000000000000000>, C4<00000000000000000000000000000000>, C4<00000000000000000000000000000000>;
L_0000026f0001a108 .functor BUFT 1, C4<00000000000000000000000000000100>, C4<0>, C4<0>, C4<0>;
v0000026f7fc366c0_0 .net/2u *"_ivl_0", 31 0, L_0000026f0001a108;  1 drivers
o0000026f7fc4c628 .functor BUFZ 32, C4<zzzzzzzzzzzzzzzzzzzzzzzzzzzzzzzz>; HiZ drive
v0000026f7fc368a0_0 .net "branch_target", 31 0, o0000026f7fc4c628;  0 drivers
o0000026f7fc4c4a8 .functor BUFZ 1, C4<z>; HiZ drive
v0000026f7fc34be0_0 .net "clk", 0 0, o0000026f7fc4c4a8;  0 drivers
v0000026f7fc34c80_0 .net "current_pc", 31 0, L_0000026f7fc3e910;  1 drivers
v0000026f7fc35860_0 .net "instr", 31 0, L_0000026f7fc3f470;  1 drivers
v0000026f7fc34d20_0 .net "pc", 31 0, v0000026f7fc357c0_0;  1 drivers
v0000026f7fc352c0_0 .net "pc_next", 31 0, L_0000026f000170d0;  1 drivers
v0000026f7fc35a40_0 .net "pc_plus4", 31 0, L_0000026f00017990;  1 drivers
o0000026f7fc4c6b8 .functor BUFZ 1, C4<z>; HiZ drive
v0000026f7fc34dc0_0 .net "pc_src", 0 0, o0000026f7fc4c6b8;  0 drivers
o0000026f7fc4c508 .functor BUFZ 1, C4<z>; HiZ drive
v0000026f7fc35180_0 .net "rst_n", 0 0, o0000026f7fc4c508;  0 drivers
L_0000026f00017990 .arith/sum 32, v0000026f7fc357c0_0, L_0000026f0001a108;
L_0000026f000170d0 .functor MUXZ 32, L_0000026f00017990, o0000026f7fc4c628, o0000026f7fc4c6b8, C4<>;
S_0000026f7fc05fc0 .scope module, "u_imem" "instruction_memory" 2 24, 3 2 0, S_0000026f7fc43a60;
 .timescale -9 -12;
    .port_info 0 /INPUT 32 "addr";
    .port_info 1 /OUTPUT 32 "rd";
P_0000026f7fc238a0 .param/l "DEPTH" 0 3 4, +C4<00000000000000000000000100000000>;
P_0000026f7fc238d8 .param/l "WIDTH" 0 3 3, +C4<00000000000000000000000000100000>;
L_0000026f7fc3f470 .functor BUFZ 32, L_0000026f00017c10, C4<00000000000000000000000000000000>, C4<00000000000000000000000000000000>, C4<00000000000000000000000000000000>;
v0000026f7fc364e0_0 .net *"_ivl_0", 31 0, L_0000026f00017c10;  1 drivers
v0000026f7fc35900_0 .net *"_ivl_3", 29 0, L_0000026f00017350;  1 drivers
v0000026f7fc35f40_0 .net "addr", 31 0, v0000026f7fc357c0_0;  alias, 1 drivers
v0000026f7fc35680 .array "ram", 255 0, 31 0;
v0000026f7fc35540_0 .net "rd", 31 0, L_0000026f7fc3f470;  alias, 1 drivers
L_0000026f00017c10 .array/port v0000026f7fc35680, L_0000026f00017350;
L_0000026f00017350 .part v0000026f7fc357c0_0, 2, 30;
S_0000026f7fb8e090 .scope module, "u_pc" "pc" 2 14, 4 2 0, S_0000026f7fc43a60;
 .timescale -9 -12;
    .port_info 0 /INPUT 1 "clk";
    .port_info 1 /INPUT 1 "rst_n";
    .port_info 2 /INPUT 32 "pc_next";
    .port_info 3 /OUTPUT 32 "pc";
v0000026f7fc35720_0 .net "clk", 0 0, o0000026f7fc4c4a8;  alias, 0 drivers
v0000026f7fc357c0_0 .var "pc", 31 0;
v0000026f7fc36a80_0 .net "pc_next", 31 0, L_0000026f000170d0;  alias, 1 drivers
v0000026f7fc36620_0 .net "rst_n", 0 0, o0000026f7fc4c508;  alias, 0 drivers
E_0000026f7fc29b50/0 .event negedge, v0000026f7fc36620_0;
E_0000026f7fc29b50/1 .event posedge, v0000026f7fc35720_0;
E_0000026f7fc29b50 .event/or E_0000026f7fc29b50/0, E_0000026f7fc29b50/1;
S_0000026f7fc05e30 .scope module, "mips_tb" "mips_tb" 5 2;
 .timescale -9 -12;
v0000026f00017710_0 .net "alu_result", 31 0, L_0000026f7fc3e670;  1 drivers
v0000026f000177b0_0 .var "clk", 0 0;
v0000026f00017530_0 .net "pc_out", 31 0, L_0000026f7fc3ec20;  1 drivers
v0000026f00016450_0 .var "rst_n", 0 0;
E_0000026f7fc29fd0 .event negedge, v0000026f00010560_0;
S_0000026f7fb8e220 .scope module, "uut" "mips" 5 8, 6 2 0, S_0000026f7fc05e30;
 .timescale -9 -12;
    .port_info 0 /INPUT 1 "clk";
    .port_info 1 /INPUT 1 "rst_n";
    .port_info 2 /OUTPUT 32 "pc_out";
    .port_info 3 /OUTPUT 32 "alu_result";
v0000026f000161d0_0 .net "alu_ctrl_D", 2 0, v0000026f7fc350e0_0;  1 drivers
v0000026f00017fd0_0 .net "alu_result", 31 0, L_0000026f7fc3e670;  alias, 1 drivers
v0000026f00016b30_0 .net "alu_src_D", 0 0, L_0000026f00016810;  1 drivers
v0000026f00017ad0_0 .net "branch_D", 0 0, L_0000026f00016130;  1 drivers
v0000026f00016950_0 .net "clk", 0 0, v0000026f000177b0_0;  1 drivers
v0000026f00017b70_0 .net "instr_D", 31 0, v0000026f000153e0_0;  1 drivers
v0000026f00016c70_0 .net "mem_to_reg_D", 0 0, L_0000026f00017e90;  1 drivers
v0000026f00017670_0 .net "mem_write_D", 0 0, L_0000026f00017170;  1 drivers
v0000026f00017f30_0 .net "pc_out", 31 0, L_0000026f7fc3ec20;  alias, 1 drivers
v0000026f000172b0_0 .net "reg_dst_D", 0 0, L_0000026f00016590;  1 drivers
v0000026f000169f0_0 .net "reg_write_D", 0 0, L_0000026f00017cb0;  1 drivers
v0000026f00016f90_0 .net "rst_n", 0 0, v0000026f00016450_0;  1 drivers
L_0000026f000173f0 .part v0000026f000153e0_0, 26, 6;
L_0000026f000168b0 .part v0000026f000153e0_0, 0, 6;
S_0000026f7fbdeef0 .scope module, "u_control" "control_unit" 6 12, 7 2 0, S_0000026f7fb8e220;
 .timescale -9 -12;
    .port_info 0 /INPUT 6 "opcode";
    .port_info 1 /INPUT 6 "funct";
    .port_info 2 /OUTPUT 1 "mem_to_reg";
    .port_info 3 /OUTPUT 1 "mem_write";
    .port_info 4 /OUTPUT 1 "branch";
    .port_info 5 /OUTPUT 1 "alu_src";
    .port_info 6 /OUTPUT 1 "reg_dst";
    .port_info 7 /OUTPUT 1 "reg_write";
    .port_info 8 /OUTPUT 3 "alu_ctrl";
v0000026f000104c0_0 .net "alu_ctrl", 2 0, v0000026f7fc350e0_0;  alias, 1 drivers
v0000026f00010d80_0 .net "alu_op", 1 0, L_0000026f00017d50;  1 drivers
v0000026f00010ce0_0 .net "alu_src", 0 0, L_0000026f00016810;  alias, 1 drivers
v0000026f000115a0_0 .net "branch", 0 0, L_0000026f00016130;  alias, 1 drivers
v0000026f00011820_0 .net "funct", 5 0, L_0000026f000168b0;  1 drivers
v0000026f000106a0_0 .net "mem_to_reg", 0 0, L_0000026f00017e90;  alias, 1 drivers
v0000026f00011a00_0 .net "mem_write", 0 0, L_0000026f00017170;  alias, 1 drivers
v0000026f00010740_0 .net "opcode", 5 0, L_0000026f000173f0;  1 drivers
v0000026f00011640_0 .net "reg_dst", 0 0, L_0000026f00016590;  alias, 1 drivers
v0000026f00011d20_0 .net "reg_write", 0 0, L_0000026f00017cb0;  alias, 1 drivers
S_0000026f7fbdf080 .scope module, "u_alu_dec" "alu_decoder" 7 26, 8 2 0, S_0000026f7fbdeef0;
 .timescale -9 -12;
    .port_info 0 /INPUT 2 "alu_op";
    .port_info 1 /INPUT 6 "funct";
    .port_info 2 /OUTPUT 3 "alu_ctrl";
v0000026f7fc350e0_0 .var "alu_ctrl", 2 0;
v0000026f7fc35360_0 .net "alu_op", 1 0, L_0000026f00017d50;  alias, 1 drivers
v0000026f7fc35400_0 .net "funct", 5 0, L_0000026f000168b0;  alias, 1 drivers
E_0000026f7fc29810 .event anyedge, v0000026f7fc35360_0, v0000026f7fc35400_0;
S_0000026f7fc04190 .scope module, "u_main_dec" "main_decoder" 7 15, 9 2 0, S_0000026f7fbdeef0;
 .timescale -9 -12;
    .port_info 0 /INPUT 6 "opcode";
    .port_info 1 /OUTPUT 1 "mem_to_reg";
    .port_info 2 /OUTPUT 1 "mem_write";
    .port_info 3 /OUTPUT 1 "branch";
    .port_info 4 /OUTPUT 1 "alu_src";
    .port_info 5 /OUTPUT 1 "reg_dst";
    .port_info 6 /OUTPUT 1 "reg_write";
    .port_info 7 /OUTPUT 2 "alu_op";
v0000026f7fc35ae0_0 .net *"_ivl_9", 7 0, L_0000026f00017df0;  1 drivers
v0000026f7fc35c20_0 .net "alu_op", 1 0, L_0000026f00017d50;  alias, 1 drivers
v0000026f7fc2dc80_0 .net "alu_src", 0 0, L_0000026f00016810;  alias, 1 drivers
v0000026f000102e0_0 .net "branch", 0 0, L_0000026f00016130;  alias, 1 drivers
v0000026f00010240_0 .var "controls", 8 0;
v0000026f000110a0_0 .net "mem_to_reg", 0 0, L_0000026f00017e90;  alias, 1 drivers
v0000026f00010b00_0 .net "mem_write", 0 0, L_0000026f00017170;  alias, 1 drivers
v0000026f00011aa0_0 .net "opcode", 5 0, L_0000026f000173f0;  alias, 1 drivers
v0000026f00010e20_0 .net "reg_dst", 0 0, L_0000026f00016590;  alias, 1 drivers
v0000026f00011500_0 .net "reg_write", 0 0, L_0000026f00017cb0;  alias, 1 drivers
E_0000026f7fc293d0 .event anyedge, v0000026f00011aa0_0;
L_0000026f00017cb0 .part L_0000026f00017df0, 7, 1;
L_0000026f00016590 .part L_0000026f00017df0, 6, 1;
L_0000026f00016810 .part L_0000026f00017df0, 5, 1;
L_0000026f00016130 .part L_0000026f00017df0, 4, 1;
L_0000026f00017170 .part L_0000026f00017df0, 3, 1;
L_0000026f00017e90 .part L_0000026f00017df0, 2, 1;
L_0000026f00017d50 .part L_0000026f00017df0, 0, 2;
L_0000026f00017df0 .part v0000026f00010240_0, 0, 8;
S_0000026f7fc04320 .scope module, "u_datapath" "datapath" 6 23, 10 8 0, S_0000026f7fb8e220;
 .timescale -9 -12;
    .port_info 0 /INPUT 1 "clk";
    .port_info 1 /INPUT 1 "rst_n";
    .port_info 2 /INPUT 1 "reg_write_D";
    .port_info 3 /INPUT 1 "mem_to_reg_D";
    .port_info 4 /INPUT 1 "mem_write_D";
    .port_info 5 /INPUT 3 "alu_ctrl_D";
    .port_info 6 /INPUT 1 "alu_src_D";
    .port_info 7 /INPUT 1 "reg_dst_D";
    .port_info 8 /INPUT 1 "branch_D";
    .port_info 9 /OUTPUT 32 "instr_D";
    .port_info 10 /OUTPUT 32 "pc_out";
    .port_info 11 /OUTPUT 32 "alu_result_out";
L_0000026f7fc3ec20 .functor BUFZ 32, v0000026f00011f00_0, C4<00000000000000000000000000000000>, C4<00000000000000000000000000000000>, C4<00000000000000000000000000000000>;
L_0000026f7fc3e980 .functor AND 1, L_0000026f00016130, L_0000026f00073f70, C4<1>, C4<1>;
L_0000026f7fc3e670 .functor BUFZ 32, L_0000026f000727b0, C4<00000000000000000000000000000000>, C4<00000000000000000000000000000000>, C4<00000000000000000000000000000000>;
L_0000026f0001a150 .functor BUFT 1, C4<00000000000000000000000000000100>, C4<0>, C4<0>, C4<0>;
v0000026f00013a10_0 .net/2u *"_ivl_0", 31 0, L_0000026f0001a150;  1 drivers
v0000026f00013dd0_0 .net *"_ivl_15", 0 0, L_0000026f00073b10;  1 drivers
v0000026f00012890_0 .net *"_ivl_16", 15 0, L_0000026f00072850;  1 drivers
v0000026f00012250_0 .net *"_ivl_19", 15 0, L_0000026f000736b0;  1 drivers
v0000026f000129d0_0 .net *"_ivl_22", 31 0, L_0000026f00073750;  1 drivers
v0000026f00012e30_0 .net *"_ivl_24", 29 0, L_0000026f00073ed0;  1 drivers
L_0000026f0001a348 .functor BUFT 1, C4<00>, C4<0>, C4<0>, C4<0>;
v0000026f00012a70_0 .net *"_ivl_26", 1 0, L_0000026f0001a348;  1 drivers
v0000026f00013290_0 .net *"_ivl_30", 0 0, L_0000026f00073f70;  1 drivers
L_0000026f0001a390 .functor BUFT 1, C4<10>, C4<0>, C4<0>, C4<0>;
v0000026f00012b10_0 .net/2u *"_ivl_34", 1 0, L_0000026f0001a390;  1 drivers
v0000026f00013ab0_0 .net *"_ivl_36", 0 0, L_0000026f00073e30;  1 drivers
L_0000026f0001a3d8 .functor BUFT 1, C4<01>, C4<0>, C4<0>, C4<0>;
v0000026f000136f0_0 .net/2u *"_ivl_38", 1 0, L_0000026f0001a3d8;  1 drivers
v0000026f00013790_0 .net *"_ivl_40", 0 0, L_0000026f000737f0;  1 drivers
v0000026f00012bb0_0 .net *"_ivl_42", 31 0, L_0000026f00072350;  1 drivers
L_0000026f0001a420 .functor BUFT 1, C4<10>, C4<0>, C4<0>, C4<0>;
v0000026f00013150_0 .net/2u *"_ivl_46", 1 0, L_0000026f0001a420;  1 drivers
v0000026f00012c50_0 .net *"_ivl_48", 0 0, L_0000026f000723f0;  1 drivers
L_0000026f0001a468 .functor BUFT 1, C4<01>, C4<0>, C4<0>, C4<0>;
v0000026f00013830_0 .net/2u *"_ivl_50", 1 0, L_0000026f0001a468;  1 drivers
v0000026f000138d0_0 .net *"_ivl_52", 0 0, L_0000026f00072c10;  1 drivers
v0000026f000131f0_0 .net *"_ivl_54", 31 0, L_0000026f00072670;  1 drivers
v0000026f00013f10_0 .net "alu_ctrl_D", 2 0, v0000026f7fc350e0_0;  alias, 1 drivers
v0000026f00013970_0 .var "alu_ctrl_E", 2 0;
v0000026f00013e70_0 .net "alu_result_E", 31 0, v0000026f00010ec0_0;  1 drivers
v0000026f00013fb0_0 .var "alu_result_M", 31 0;
v0000026f00012cf0_0 .var "alu_result_W", 31 0;
v0000026f00013330_0 .net "alu_result_out", 31 0, L_0000026f7fc3e670;  alias, 1 drivers
v0000026f00015340_0 .net "alu_src_D", 0 0, L_0000026f00016810;  alias, 1 drivers
v0000026f00015f20_0 .var "alu_src_E", 0 0;
v0000026f00015d40_0 .net "branch_D", 0 0, L_0000026f00016130;  alias, 1 drivers
v0000026f00014800_0 .net "clk", 0 0, v0000026f000177b0_0;  alias, 1 drivers
v0000026f00014440_0 .net "forward_a_E", 1 0, v0000026f00011c80_0;  1 drivers
v0000026f00015200_0 .net "forward_b_E", 1 0, v0000026f00011000_0;  1 drivers
v0000026f000143a0_0 .net "instr_D", 31 0, v0000026f000153e0_0;  alias, 1 drivers
v0000026f000153e0_0 .var "instr_D_reg", 31 0;
v0000026f00015de0_0 .net "instr_F", 31 0, L_0000026f7fc3ed00;  1 drivers
v0000026f00015fc0_0 .net "mem_to_reg_D", 0 0, L_0000026f00017e90;  alias, 1 drivers
v0000026f00014300_0 .var "mem_to_reg_E", 0 0;
v0000026f000158e0_0 .var "mem_to_reg_M", 0 0;
v0000026f000144e0_0 .var "mem_to_reg_W", 0 0;
v0000026f00014da0_0 .net "mem_write_D", 0 0, L_0000026f00017170;  alias, 1 drivers
v0000026f00014ee0_0 .var "mem_write_E", 0 0;
v0000026f00015ac0_0 .var "mem_write_M", 0 0;
v0000026f000148a0_0 .net "pc_F", 31 0, v0000026f00011f00_0;  1 drivers
v0000026f00015520_0 .net "pc_branch_D", 31 0, L_0000026f00072170;  1 drivers
v0000026f00014260_0 .net "pc_next_F", 31 0, L_0000026f00016270;  1 drivers
v0000026f00014b20_0 .net "pc_out", 31 0, L_0000026f7fc3ec20;  alias, 1 drivers
v0000026f00015e80_0 .var "pc_plus4_D", 31 0;
v0000026f000150c0_0 .net "pc_plus4_F", 31 0, L_0000026f000164f0;  1 drivers
v0000026f00014120_0 .net "pc_src_D", 0 0, L_0000026f7fc3e980;  1 drivers
v0000026f000146c0_0 .net "rd1_D", 31 0, L_0000026f00016630;  1 drivers
v0000026f00015840_0 .var "rd1_E", 31 0;
v0000026f000155c0_0 .net "rd2_D", 31 0, L_0000026f00016770;  1 drivers
v0000026f00015b60_0 .var "rd2_E", 31 0;
v0000026f000141c0_0 .net "rd2_fwd_E", 31 0, L_0000026f00073890;  1 drivers
v0000026f00014580_0 .var "rd_E", 4 0;
v0000026f00014620_0 .net "read_data_M", 31 0, L_0000026f7fc3efa0;  1 drivers
v0000026f00014bc0_0 .var "read_data_W", 31 0;
v0000026f00015660_0 .net "reg_dst_D", 0 0, L_0000026f00016590;  alias, 1 drivers
v0000026f00014c60_0 .var "reg_dst_E", 0 0;
v0000026f00014d00_0 .net "reg_write_D", 0 0, L_0000026f00017cb0;  alias, 1 drivers
v0000026f00014e40_0 .var "reg_write_E", 0 0;
v0000026f00015c00_0 .var "reg_write_M", 0 0;
v0000026f00014f80_0 .net "reg_write_W", 0 0, v0000026f00014760_0;  1 drivers
v0000026f00014760_0 .var "reg_write_W_reg", 0 0;
v0000026f00015480_0 .net "result_W", 31 0, L_0000026f000727b0;  1 drivers
v0000026f00014940_0 .var "rs_E", 4 0;
v0000026f00014a80_0 .net "rst_n", 0 0, v0000026f00016450_0;  alias, 1 drivers
v0000026f00015160_0 .var "rt_E", 4 0;
v0000026f000157a0_0 .net "sign_imm_D", 31 0, L_0000026f00073d90;  1 drivers
v0000026f000149e0_0 .var "sign_imm_E", 31 0;
v0000026f00015020_0 .net "src_a_E", 31 0, L_0000026f00072990;  1 drivers
v0000026f000152a0_0 .net "src_b_E", 31 0, L_0000026f000739d0;  1 drivers
v0000026f00015700_0 .var "write_data_M", 31 0;
v0000026f00015980_0 .net "write_reg_E", 4 0, L_0000026f00073bb0;  1 drivers
v0000026f00015a20_0 .var "write_reg_M", 4 0;
v0000026f00015ca0_0 .net "write_reg_W", 4 0, v0000026f00017030_0;  1 drivers
v0000026f00017030_0 .var "write_reg_W_reg", 4 0;
v0000026f00017a30_0 .net "zero_E", 0 0, L_0000026f00073930;  1 drivers
L_0000026f000164f0 .arith/sum 32, v0000026f00011f00_0, L_0000026f0001a150;
L_0000026f00016270 .functor MUXZ 32, L_0000026f000164f0, L_0000026f00072170, L_0000026f7fc3e980, C4<>;
L_0000026f00016ef0 .part v0000026f000153e0_0, 21, 5;
L_0000026f00017490 .part v0000026f000153e0_0, 16, 5;
L_0000026f00073b10 .part v0000026f000153e0_0, 15, 1;
LS_0000026f00072850_0_0 .concat [ 1 1 1 1], L_0000026f00073b10, L_0000026f00073b10, L_0000026f00073b10, L_0000026f00073b10;
LS_0000026f00072850_0_4 .concat [ 1 1 1 1], L_0000026f00073b10, L_0000026f00073b10, L_0000026f00073b10, L_0000026f00073b10;
LS_0000026f00072850_0_8 .concat [ 1 1 1 1], L_0000026f00073b10, L_0000026f00073b10, L_0000026f00073b10, L_0000026f00073b10;
LS_0000026f00072850_0_12 .concat [ 1 1 1 1], L_0000026f00073b10, L_0000026f00073b10, L_0000026f00073b10, L_0000026f00073b10;
L_0000026f00072850 .concat [ 4 4 4 4], LS_0000026f00072850_0_0, LS_0000026f00072850_0_4, LS_0000026f00072850_0_8, LS_0000026f00072850_0_12;
L_0000026f000736b0 .part v0000026f000153e0_0, 0, 16;
L_0000026f00073d90 .concat [ 16 16 0 0], L_0000026f000736b0, L_0000026f00072850;
L_0000026f00073ed0 .part L_0000026f00073d90, 0, 30;
L_0000026f00073750 .concat [ 2 30 0 0], L_0000026f0001a348, L_0000026f00073ed0;
L_0000026f00072170 .arith/sum 32, v0000026f00015e80_0, L_0000026f00073750;
L_0000026f00073f70 .cmp/eq 32, L_0000026f00016630, L_0000026f00016770;
L_0000026f00073e30 .cmp/eq 2, v0000026f00011c80_0, L_0000026f0001a390;
L_0000026f000737f0 .cmp/eq 2, v0000026f00011c80_0, L_0000026f0001a3d8;
L_0000026f00072350 .functor MUXZ 32, v0000026f00015840_0, L_0000026f000727b0, L_0000026f000737f0, C4<>;
L_0000026f00072990 .functor MUXZ 32, L_0000026f00072350, v0000026f00013fb0_0, L_0000026f00073e30, C4<>;
L_0000026f000723f0 .cmp/eq 2, v0000026f00011000_0, L_0000026f0001a420;
L_0000026f00072c10 .cmp/eq 2, v0000026f00011000_0, L_0000026f0001a468;
L_0000026f00072670 .functor MUXZ 32, v0000026f00015b60_0, L_0000026f000727b0, L_0000026f00072c10, C4<>;
L_0000026f00073890 .functor MUXZ 32, L_0000026f00072670, v0000026f00013fb0_0, L_0000026f000723f0, C4<>;
L_0000026f000739d0 .functor MUXZ 32, L_0000026f00073890, v0000026f000149e0_0, v0000026f00015f20_0, C4<>;
L_0000026f00073bb0 .functor MUXZ 5, v0000026f00015160_0, v0000026f00014580_0, v0000026f00014c60_0, C4<>;
L_0000026f000727b0 .functor MUXZ 32, v0000026f00012cf0_0, v0000026f00014bc0_0, v0000026f000144e0_0, C4<>;
S_0000026f7fc12e40 .scope module, "u_alu" "alu" 10 182, 11 2 0, S_0000026f7fc04320;
 .timescale -9 -12;
    .port_info 0 /INPUT 32 "src_a";
    .port_info 1 /INPUT 32 "src_b";
    .port_info 2 /INPUT 3 "alu_ctrl";
    .port_info 3 /OUTPUT 32 "result";
    .port_info 4 /OUTPUT 1 "zero";
L_0000026f0001a4b0 .functor BUFT 1, C4<00000000000000000000000000000000>, C4<0>, C4<0>, C4<0>;
v0000026f00010380_0 .net/2u *"_ivl_0", 31 0, L_0000026f0001a4b0;  1 drivers
v0000026f00010420_0 .net "alu_ctrl", 2 0, v0000026f00013970_0;  1 drivers
v0000026f00010ec0_0 .var "result", 31 0;
v0000026f00010880_0 .net "src_a", 31 0, L_0000026f00072990;  alias, 1 drivers
v0000026f000116e0_0 .net "src_b", 31 0, L_0000026f000739d0;  alias, 1 drivers
v0000026f000107e0_0 .net "zero", 0 0, L_0000026f00073930;  alias, 1 drivers
E_0000026f7fc29d10 .event anyedge, v0000026f00010420_0, v0000026f00010880_0, v0000026f000116e0_0;
L_0000026f00073930 .cmp/eq 32, v0000026f00010ec0_0, L_0000026f0001a4b0;
S_0000026f7fc12fd0 .scope module, "u_data_mem" "data_memory" 10 224, 12 2 0, S_0000026f7fc04320;
 .timescale -9 -12;
    .port_info 0 /INPUT 1 "clk";
    .port_info 1 /INPUT 1 "mem_write_en";
    .port_info 2 /INPUT 32 "addr";
    .port_info 3 /INPUT 32 "write_data";
    .port_info 4 /OUTPUT 32 "read_data";
P_0000026f7fc23020 .param/l "DEPTH" 0 12 4, +C4<00000000000000000000000100000000>;
P_0000026f7fc23058 .param/l "WIDTH" 0 12 3, +C4<00000000000000000000000000100000>;
L_0000026f7fc3efa0 .functor BUFZ 32, L_0000026f00072210, C4<00000000000000000000000000000000>, C4<00000000000000000000000000000000>, C4<00000000000000000000000000000000>;
v0000026f00011b40_0 .net *"_ivl_0", 31 0, L_0000026f00072210;  1 drivers
v0000026f00011be0_0 .net *"_ivl_3", 29 0, L_0000026f00073c50;  1 drivers
v0000026f00011780_0 .net "addr", 31 0, v0000026f00013fb0_0;  1 drivers
v0000026f00010560_0 .net "clk", 0 0, v0000026f000177b0_0;  alias, 1 drivers
v0000026f00010920_0 .net "mem_write_en", 0 0, v0000026f00015ac0_0;  1 drivers
v0000026f00010600 .array "ram", 255 0, 31 0;
v0000026f000109c0_0 .net "read_data", 31 0, L_0000026f7fc3efa0;  alias, 1 drivers
v0000026f000118c0_0 .net "write_data", 31 0, v0000026f00015700_0;  1 drivers
E_0000026f7fc29c10 .event posedge, v0000026f00010560_0;
L_0000026f00072210 .array/port v0000026f00010600, L_0000026f00073c50;
L_0000026f00073c50 .part v0000026f00013fb0_0, 2, 30;
S_0000026f7fc16400 .scope module, "u_fwd_unit" "forwarding_unit" 10 155, 13 2 0, S_0000026f7fc04320;
 .timescale -9 -12;
    .port_info 0 /INPUT 5 "rs_E";
    .port_info 1 /INPUT 5 "rt_E";
    .port_info 2 /INPUT 5 "write_reg_M";
    .port_info 3 /INPUT 1 "reg_write_M";
    .port_info 4 /INPUT 5 "write_reg_W";
    .port_info 5 /INPUT 1 "reg_write_W";
    .port_info 6 /OUTPUT 2 "forward_a_E";
    .port_info 7 /OUTPUT 2 "forward_b_E";
v0000026f00011c80_0 .var "forward_a_E", 1 0;
v0000026f00011000_0 .var "forward_b_E", 1 0;
v0000026f00011dc0_0 .net "reg_write_M", 0 0, v0000026f00015c00_0;  1 drivers
v0000026f00011e60_0 .net "reg_write_W", 0 0, v0000026f00014760_0;  alias, 1 drivers
v0000026f00010f60_0 .net "rs_E", 4 0, v0000026f00014940_0;  1 drivers
v0000026f00011140_0 .net "rt_E", 4 0, v0000026f00015160_0;  1 drivers
v0000026f00011460_0 .net "write_reg_M", 4 0, v0000026f00015a20_0;  1 drivers
v0000026f000111e0_0 .net "write_reg_W", 4 0, v0000026f00017030_0;  alias, 1 drivers
E_0000026f7fc29890/0 .event anyedge, v0000026f00011dc0_0, v0000026f00011460_0, v0000026f00011140_0, v0000026f00011e60_0;
E_0000026f7fc29890/1 .event anyedge, v0000026f000111e0_0;
E_0000026f7fc29890 .event/or E_0000026f7fc29890/0, E_0000026f7fc29890/1;
E_0000026f7fc29e90/0 .event anyedge, v0000026f00011dc0_0, v0000026f00011460_0, v0000026f00010f60_0, v0000026f00011e60_0;
E_0000026f7fc29e90/1 .event anyedge, v0000026f000111e0_0;
E_0000026f7fc29e90 .event/or E_0000026f7fc29e90/0, E_0000026f7fc29e90/1;
S_0000026f7fc16590 .scope module, "u_imem" "instruction_memory" 10 46, 3 2 0, S_0000026f7fc04320;
 .timescale -9 -12;
    .port_info 0 /INPUT 32 "addr";
    .port_info 1 /OUTPUT 32 "rd";
P_0000026f7fc22e20 .param/l "DEPTH" 0 3 4, +C4<00000000000000000000000100000000>;
P_0000026f7fc22e58 .param/l "WIDTH" 0 3 3, +C4<00000000000000000000000000100000>;
L_0000026f7fc3ed00 .functor BUFZ 32, L_0000026f00016d10, C4<00000000000000000000000000000000>, C4<00000000000000000000000000000000>, C4<00000000000000000000000000000000>;
v0000026f00011fa0_0 .net *"_ivl_0", 31 0, L_0000026f00016d10;  1 drivers
v0000026f00011960_0 .net *"_ivl_3", 29 0, L_0000026f00016a90;  1 drivers
v0000026f00010a60_0 .net "addr", 31 0, v0000026f00011f00_0;  alias, 1 drivers
v0000026f00011280 .array "ram", 255 0, 31 0;
v0000026f00010ba0_0 .net "rd", 31 0, L_0000026f7fc3ed00;  alias, 1 drivers
L_0000026f00016d10 .array/port v0000026f00011280, L_0000026f00016a90;
L_0000026f00016a90 .part v0000026f00011f00_0, 2, 30;
S_0000026f7fbe7380 .scope module, "u_pc" "pc" 10 38, 4 2 0, S_0000026f7fc04320;
 .timescale -9 -12;
    .port_info 0 /INPUT 1 "clk";
    .port_info 1 /INPUT 1 "rst_n";
    .port_info 2 /INPUT 32 "pc_next";
    .port_info 3 /OUTPUT 32 "pc";
v0000026f00010c40_0 .net "clk", 0 0, v0000026f000177b0_0;  alias, 1 drivers
v0000026f00011f00_0 .var "pc", 31 0;
v0000026f00011320_0 .net "pc_next", 31 0, L_0000026f00016270;  alias, 1 drivers
v0000026f00010100_0 .net "rst_n", 0 0, v0000026f00016450_0;  alias, 1 drivers
E_0000026f7fc29910/0 .event negedge, v0000026f00010100_0;
E_0000026f7fc29910/1 .event posedge, v0000026f00010560_0;
E_0000026f7fc29910 .event/or E_0000026f7fc29910/0, E_0000026f7fc29910/1;
S_0000026f7fbe7510 .scope module, "u_reg_file" "reg_file" 10 86, 14 2 0, S_0000026f7fc04320;
 .timescale -9 -12;
    .port_info 0 /INPUT 1 "clk";
    .port_info 1 /INPUT 1 "we3";
    .port_info 2 /INPUT 5 "wa3";
    .port_info 3 /INPUT 32 "wd3";
    .port_info 4 /INPUT 5 "ra1";
    .port_info 5 /INPUT 5 "ra2";
    .port_info 6 /OUTPUT 32 "rd1";
    .port_info 7 /OUTPUT 32 "rd2";
L_0000026f7fc3ed70 .functor AND 1, L_0000026f00016310, v0000026f00014760_0, C4<1>, C4<1>;
L_0000026f7fc3eb40 .functor AND 1, L_0000026f00017850, v0000026f00014760_0, C4<1>, C4<1>;
L_0000026f0001a198 .functor BUFT 1, C4<00000>, C4<0>, C4<0>, C4<0>;
v0000026f000113c0_0 .net/2u *"_ivl_0", 4 0, L_0000026f0001a198;  1 drivers
v0000026f000101a0_0 .net *"_ivl_10", 31 0, L_0000026f00016bd0;  1 drivers
v0000026f000133d0_0 .net *"_ivl_12", 6 0, L_0000026f000163b0;  1 drivers
L_0000026f0001a228 .functor BUFT 1, C4<00>, C4<0>, C4<0>, C4<0>;
v0000026f00012d90_0 .net *"_ivl_15", 1 0, L_0000026f0001a228;  1 drivers
v0000026f000124d0_0 .net *"_ivl_16", 31 0, L_0000026f00016db0;  1 drivers
v0000026f000126b0_0 .net *"_ivl_2", 0 0, L_0000026f000175d0;  1 drivers
L_0000026f0001a270 .functor BUFT 1, C4<00000>, C4<0>, C4<0>, C4<0>;
v0000026f00012430_0 .net/2u *"_ivl_20", 4 0, L_0000026f0001a270;  1 drivers
v0000026f00012110_0 .net *"_ivl_22", 0 0, L_0000026f00017210;  1 drivers
L_0000026f0001a2b8 .functor BUFT 1, C4<00000000000000000000000000000000>, C4<0>, C4<0>, C4<0>;
v0000026f00012930_0 .net/2u *"_ivl_24", 31 0, L_0000026f0001a2b8;  1 drivers
v0000026f00012570_0 .net *"_ivl_26", 0 0, L_0000026f00017850;  1 drivers
v0000026f00012750_0 .net *"_ivl_29", 0 0, L_0000026f7fc3eb40;  1 drivers
v0000026f00013b50_0 .net *"_ivl_30", 31 0, L_0000026f000166d0;  1 drivers
v0000026f00013470_0 .net *"_ivl_32", 6 0, L_0000026f00016e50;  1 drivers
L_0000026f0001a300 .functor BUFT 1, C4<00>, C4<0>, C4<0>, C4<0>;
v0000026f00012390_0 .net *"_ivl_35", 1 0, L_0000026f0001a300;  1 drivers
v0000026f00012f70_0 .net *"_ivl_36", 31 0, L_0000026f000178f0;  1 drivers
L_0000026f0001a1e0 .functor BUFT 1, C4<00000000000000000000000000000000>, C4<0>, C4<0>, C4<0>;
v0000026f00013c90_0 .net/2u *"_ivl_4", 31 0, L_0000026f0001a1e0;  1 drivers
v0000026f00013510_0 .net *"_ivl_6", 0 0, L_0000026f00016310;  1 drivers
v0000026f000135b0_0 .net *"_ivl_9", 0 0, L_0000026f7fc3ed70;  1 drivers
v0000026f00013bf0_0 .net "clk", 0 0, v0000026f000177b0_0;  alias, 1 drivers
v0000026f00012ed0_0 .var/i "i", 31 0;
v0000026f00013010_0 .net "ra1", 4 0, L_0000026f00016ef0;  1 drivers
v0000026f00012610_0 .net "ra2", 4 0, L_0000026f00017490;  1 drivers
v0000026f00013650_0 .net "rd1", 31 0, L_0000026f00016630;  alias, 1 drivers
v0000026f000122f0_0 .net "rd2", 31 0, L_0000026f00016770;  alias, 1 drivers
v0000026f000127f0 .array "rf", 0 31, 31 0;
v0000026f000121b0_0 .net "wa3", 4 0, v0000026f00017030_0;  alias, 1 drivers
v0000026f00013d30_0 .net "wd3", 31 0, L_0000026f000727b0;  alias, 1 drivers
v0000026f000130b0_0 .net "we3", 0 0, v0000026f00014760_0;  alias, 1 drivers
L_0000026f000175d0 .cmp/eq 5, L_0000026f00016ef0, L_0000026f0001a198;
L_0000026f00016310 .cmp/eq 5, L_0000026f00016ef0, v0000026f00017030_0;
L_0000026f00016bd0 .array/port v0000026f000127f0, L_0000026f000163b0;
L_0000026f000163b0 .concat [ 5 2 0 0], L_0000026f00016ef0, L_0000026f0001a228;
L_0000026f00016db0 .functor MUXZ 32, L_0000026f00016bd0, L_0000026f000727b0, L_0000026f7fc3ed70, C4<>;
L_0000026f00016630 .functor MUXZ 32, L_0000026f00016db0, L_0000026f0001a1e0, L_0000026f000175d0, C4<>;
L_0000026f00017210 .cmp/eq 5, L_0000026f00017490, L_0000026f0001a270;
L_0000026f00017850 .cmp/eq 5, L_0000026f00017490, v0000026f00017030_0;
L_0000026f000166d0 .array/port v0000026f000127f0, L_0000026f00016e50;
L_0000026f00016e50 .concat [ 5 2 0 0], L_0000026f00017490, L_0000026f0001a300;
L_0000026f000178f0 .functor MUXZ 32, L_0000026f000166d0, L_0000026f000727b0, L_0000026f7fc3eb40, C4<>;
L_0000026f00016770 .functor MUXZ 32, L_0000026f000178f0, L_0000026f0001a2b8, L_0000026f00017210, C4<>;
    .scope S_0000026f7fb8e090;
T_0 ;
    %wait E_0000026f7fc29b50;
    %load/vec4 v0000026f7fc36620_0;
    %nor/r;
    %flag_set/vec4 8;
    %jmp/0xz  T_0.0, 8;
    %pushi/vec4 0, 0, 32;
    %assign/vec4 v0000026f7fc357c0_0, 0;
    %jmp T_0.1;
T_0.0 ;
    %load/vec4 v0000026f7fc36a80_0;
    %assign/vec4 v0000026f7fc357c0_0, 0;
T_0.1 ;
    %jmp T_0;
    .thread T_0;
    .scope S_0000026f7fc05fc0;
T_1 ;
    %vpi_call 3 12 "$readmemh", "memfile.dat", v0000026f7fc35680 {0 0 0};
    %end;
    .thread T_1;
    .scope S_0000026f7fc04190;
T_2 ;
    %wait E_0000026f7fc293d0;
    %load/vec4 v0000026f00011aa0_0;
    %dup/vec4;
    %pushi/vec4 0, 0, 6;
    %cmp/u;
    %jmp/1 T_2.0, 6;
    %dup/vec4;
    %pushi/vec4 35, 0, 6;
    %cmp/u;
    %jmp/1 T_2.1, 6;
    %dup/vec4;
    %pushi/vec4 43, 0, 6;
    %cmp/u;
    %jmp/1 T_2.2, 6;
    %dup/vec4;
    %pushi/vec4 4, 0, 6;
    %cmp/u;
    %jmp/1 T_2.3, 6;
    %dup/vec4;
    %pushi/vec4 8, 0, 6;
    %cmp/u;
    %jmp/1 T_2.4, 6;
    %pushi/vec4 0, 0, 9;
    %store/vec4 v0000026f00010240_0, 0, 9;
    %jmp T_2.6;
T_2.0 ;
    %pushi/vec4 194, 0, 9;
    %store/vec4 v0000026f00010240_0, 0, 9;
    %jmp T_2.6;
T_2.1 ;
    %pushi/vec4 164, 0, 9;
    %store/vec4 v0000026f00010240_0, 0, 9;
    %jmp T_2.6;
T_2.2 ;
    %pushi/vec4 40, 0, 9;
    %store/vec4 v0000026f00010240_0, 0, 9;
    %jmp T_2.6;
T_2.3 ;
    %pushi/vec4 17, 0, 9;
    %store/vec4 v0000026f00010240_0, 0, 9;
    %jmp T_2.6;
T_2.4 ;
    %pushi/vec4 160, 0, 9;
    %store/vec4 v0000026f00010240_0, 0, 9;
    %jmp T_2.6;
T_2.6 ;
    %pop/vec4 1;
    %jmp T_2;
    .thread T_2, $push;
    .scope S_0000026f7fbdf080;
T_3 ;
    %wait E_0000026f7fc29810;
    %load/vec4 v0000026f7fc35360_0;
    %dup/vec4;
    %pushi/vec4 0, 0, 2;
    %cmp/u;
    %jmp/1 T_3.0, 6;
    %dup/vec4;
    %pushi/vec4 1, 0, 2;
    %cmp/u;
    %jmp/1 T_3.1, 6;
    %dup/vec4;
    %pushi/vec4 2, 0, 2;
    %cmp/u;
    %jmp/1 T_3.2, 6;
    %pushi/vec4 0, 0, 3;
    %store/vec4 v0000026f7fc350e0_0, 0, 3;
    %jmp T_3.4;
T_3.0 ;
    %pushi/vec4 2, 0, 3;
    %store/vec4 v0000026f7fc350e0_0, 0, 3;
    %jmp T_3.4;
T_3.1 ;
    %pushi/vec4 6, 0, 3;
    %store/vec4 v0000026f7fc350e0_0, 0, 3;
    %jmp T_3.4;
T_3.2 ;
    %load/vec4 v0000026f7fc35400_0;
    %dup/vec4;
    %pushi/vec4 32, 0, 6;
    %cmp/u;
    %jmp/1 T_3.5, 6;
    %dup/vec4;
    %pushi/vec4 34, 0, 6;
    %cmp/u;
    %jmp/1 T_3.6, 6;
    %dup/vec4;
    %pushi/vec4 36, 0, 6;
    %cmp/u;
    %jmp/1 T_3.7, 6;
    %dup/vec4;
    %pushi/vec4 37, 0, 6;
    %cmp/u;
    %jmp/1 T_3.8, 6;
    %dup/vec4;
    %pushi/vec4 42, 0, 6;
    %cmp/u;
    %jmp/1 T_3.9, 6;
    %pushi/vec4 2, 0, 3;
    %store/vec4 v0000026f7fc350e0_0, 0, 3;
    %jmp T_3.11;
T_3.5 ;
    %pushi/vec4 2, 0, 3;
    %store/vec4 v0000026f7fc350e0_0, 0, 3;
    %jmp T_3.11;
T_3.6 ;
    %pushi/vec4 6, 0, 3;
    %store/vec4 v0000026f7fc350e0_0, 0, 3;
    %jmp T_3.11;
T_3.7 ;
    %pushi/vec4 0, 0, 3;
    %store/vec4 v0000026f7fc350e0_0, 0, 3;
    %jmp T_3.11;
T_3.8 ;
    %pushi/vec4 1, 0, 3;
    %store/vec4 v0000026f7fc350e0_0, 0, 3;
    %jmp T_3.11;
T_3.9 ;
    %pushi/vec4 7, 0, 3;
    %store/vec4 v0000026f7fc350e0_0, 0, 3;
    %jmp T_3.11;
T_3.11 ;
    %pop/vec4 1;
    %jmp T_3.4;
T_3.4 ;
    %pop/vec4 1;
    %jmp T_3;
    .thread T_3, $push;
    .scope S_0000026f7fbe7380;
T_4 ;
    %wait E_0000026f7fc29910;
    %load/vec4 v0000026f00010100_0;
    %nor/r;
    %flag_set/vec4 8;
    %jmp/0xz  T_4.0, 8;
    %pushi/vec4 0, 0, 32;
    %assign/vec4 v0000026f00011f00_0, 0;
    %jmp T_4.1;
T_4.0 ;
    %load/vec4 v0000026f00011320_0;
    %assign/vec4 v0000026f00011f00_0, 0;
T_4.1 ;
    %jmp T_4;
    .thread T_4;
    .scope S_0000026f7fc16590;
T_5 ;
    %vpi_call 3 12 "$readmemh", "memfile.dat", v0000026f00011280 {0 0 0};
    %end;
    .thread T_5;
    .scope S_0000026f7fbe7510;
T_6 ;
    %pushi/vec4 0, 0, 32;
    %store/vec4 v0000026f00012ed0_0, 0, 32;
T_6.0 ;
    %load/vec4 v0000026f00012ed0_0;
    %cmpi/s 32, 0, 32;
    %jmp/0xz T_6.1, 5;
    %pushi/vec4 0, 0, 32;
    %ix/getv/s 4, v0000026f00012ed0_0;
    %store/vec4a v0000026f000127f0, 4, 0;
    %load/vec4 v0000026f00012ed0_0;
    %addi 1, 0, 32;
    %store/vec4 v0000026f00012ed0_0, 0, 32;
    %jmp T_6.0;
T_6.1 ;
    %end;
    .thread T_6;
    .scope S_0000026f7fbe7510;
T_7 ;
    %wait E_0000026f7fc29c10;
    %load/vec4 v0000026f000130b0_0;
    %flag_set/vec4 9;
    %flag_get/vec4 9;
    %jmp/0 T_7.2, 9;
    %load/vec4 v0000026f000121b0_0;
    %pushi/vec4 0, 0, 5;
    %cmp/ne;
    %flag_get/vec4 4;
    %and;
T_7.2;
    %flag_set/vec4 8;
    %jmp/0xz  T_7.0, 8;
    %load/vec4 v0000026f00013d30_0;
    %load/vec4 v0000026f000121b0_0;
    %pad/u 7;
    %ix/vec4 3;
    %ix/load 4, 0, 0; Constant delay
    %assign/vec4/a/d v0000026f000127f0, 0, 4;
T_7.0 ;
    %jmp T_7;
    .thread T_7;
    .scope S_0000026f7fc16400;
T_8 ;
    %wait E_0000026f7fc29e90;
    %load/vec4 v0000026f00011dc0_0;
    %flag_set/vec4 10;
    %flag_get/vec4 10;
    %jmp/0 T_8.3, 10;
    %load/vec4 v0000026f00011460_0;
    %pushi/vec4 0, 0, 5;
    %cmp/ne;
    %flag_get/vec4 4;
    %and;
T_8.3;
    %flag_set/vec4 9;
    %flag_get/vec4 9;
    %jmp/0 T_8.2, 9;
    %load/vec4 v0000026f00011460_0;
    %load/vec4 v0000026f00010f60_0;
    %cmp/e;
    %flag_get/vec4 4;
    %and;
T_8.2;
    %flag_set/vec4 8;
    %jmp/0xz  T_8.0, 8;
    %pushi/vec4 2, 0, 2;
    %store/vec4 v0000026f00011c80_0, 0, 2;
    %jmp T_8.1;
T_8.0 ;
    %load/vec4 v0000026f00011e60_0;
    %flag_set/vec4 10;
    %flag_get/vec4 10;
    %jmp/0 T_8.7, 10;
    %load/vec4 v0000026f000111e0_0;
    %pushi/vec4 0, 0, 5;
    %cmp/ne;
    %flag_get/vec4 4;
    %and;
T_8.7;
    %flag_set/vec4 9;
    %flag_get/vec4 9;
    %jmp/0 T_8.6, 9;
    %load/vec4 v0000026f000111e0_0;
    %load/vec4 v0000026f00010f60_0;
    %cmp/e;
    %flag_get/vec4 4;
    %and;
T_8.6;
    %flag_set/vec4 8;
    %jmp/0xz  T_8.4, 8;
    %pushi/vec4 1, 0, 2;
    %store/vec4 v0000026f00011c80_0, 0, 2;
    %jmp T_8.5;
T_8.4 ;
    %pushi/vec4 0, 0, 2;
    %store/vec4 v0000026f00011c80_0, 0, 2;
T_8.5 ;
T_8.1 ;
    %jmp T_8;
    .thread T_8, $push;
    .scope S_0000026f7fc16400;
T_9 ;
    %wait E_0000026f7fc29890;
    %load/vec4 v0000026f00011dc0_0;
    %flag_set/vec4 10;
    %flag_get/vec4 10;
    %jmp/0 T_9.3, 10;
    %load/vec4 v0000026f00011460_0;
    %pushi/vec4 0, 0, 5;
    %cmp/ne;
    %flag_get/vec4 4;
    %and;
T_9.3;
    %flag_set/vec4 9;
    %flag_get/vec4 9;
    %jmp/0 T_9.2, 9;
    %load/vec4 v0000026f00011460_0;
    %load/vec4 v0000026f00011140_0;
    %cmp/e;
    %flag_get/vec4 4;
    %and;
T_9.2;
    %flag_set/vec4 8;
    %jmp/0xz  T_9.0, 8;
    %pushi/vec4 2, 0, 2;
    %store/vec4 v0000026f00011000_0, 0, 2;
    %jmp T_9.1;
T_9.0 ;
    %load/vec4 v0000026f00011e60_0;
    %flag_set/vec4 10;
    %flag_get/vec4 10;
    %jmp/0 T_9.7, 10;
    %load/vec4 v0000026f000111e0_0;
    %pushi/vec4 0, 0, 5;
    %cmp/ne;
    %flag_get/vec4 4;
    %and;
T_9.7;
    %flag_set/vec4 9;
    %flag_get/vec4 9;
    %jmp/0 T_9.6, 9;
    %load/vec4 v0000026f000111e0_0;
    %load/vec4 v0000026f00011140_0;
    %cmp/e;
    %flag_get/vec4 4;
    %and;
T_9.6;
    %flag_set/vec4 8;
    %jmp/0xz  T_9.4, 8;
    %pushi/vec4 1, 0, 2;
    %store/vec4 v0000026f00011000_0, 0, 2;
    %jmp T_9.5;
T_9.4 ;
    %pushi/vec4 0, 0, 2;
    %store/vec4 v0000026f00011000_0, 0, 2;
T_9.5 ;
T_9.1 ;
    %jmp T_9;
    .thread T_9, $push;
    .scope S_0000026f7fc12e40;
T_10 ;
    %wait E_0000026f7fc29d10;
    %load/vec4 v0000026f00010420_0;
    %dup/vec4;
    %pushi/vec4 0, 0, 3;
    %cmp/u;
    %jmp/1 T_10.0, 6;
    %dup/vec4;
    %pushi/vec4 1, 0, 3;
    %cmp/u;
    %jmp/1 T_10.1, 6;
    %dup/vec4;
    %pushi/vec4 2, 0, 3;
    %cmp/u;
    %jmp/1 T_10.2, 6;
    %dup/vec4;
    %pushi/vec4 6, 0, 3;
    %cmp/u;
    %jmp/1 T_10.3, 6;
    %dup/vec4;
    %pushi/vec4 7, 0, 3;
    %cmp/u;
    %jmp/1 T_10.4, 6;
    %pushi/vec4 0, 0, 32;
    %store/vec4 v0000026f00010ec0_0, 0, 32;
    %jmp T_10.6;
T_10.0 ;
    %load/vec4 v0000026f00010880_0;
    %load/vec4 v0000026f000116e0_0;
    %and;
    %store/vec4 v0000026f00010ec0_0, 0, 32;
    %jmp T_10.6;
T_10.1 ;
    %load/vec4 v0000026f00010880_0;
    %load/vec4 v0000026f000116e0_0;
    %or;
    %store/vec4 v0000026f00010ec0_0, 0, 32;
    %jmp T_10.6;
T_10.2 ;
    %load/vec4 v0000026f00010880_0;
    %load/vec4 v0000026f000116e0_0;
    %add;
    %store/vec4 v0000026f00010ec0_0, 0, 32;
    %jmp T_10.6;
T_10.3 ;
    %load/vec4 v0000026f00010880_0;
    %load/vec4 v0000026f000116e0_0;
    %sub;
    %store/vec4 v0000026f00010ec0_0, 0, 32;
    %jmp T_10.6;
T_10.4 ;
    %load/vec4 v0000026f00010880_0;
    %load/vec4 v0000026f000116e0_0;
    %cmp/s;
    %flag_mov 8, 5;
    %jmp/0 T_10.7, 8;
    %pushi/vec4 1, 0, 32;
    %jmp/1 T_10.8, 8;
T_10.7 ; End of true expr.
    %pushi/vec4 0, 0, 32;
    %jmp/0 T_10.8, 8;
 ; End of false expr.
    %blend;
T_10.8;
    %store/vec4 v0000026f00010ec0_0, 0, 32;
    %jmp T_10.6;
T_10.6 ;
    %pop/vec4 1;
    %jmp T_10;
    .thread T_10, $push;
    .scope S_0000026f7fc12fd0;
T_11 ;
    %wait E_0000026f7fc29c10;
    %load/vec4 v0000026f00010920_0;
    %flag_set/vec4 8;
    %jmp/0xz  T_11.0, 8;
    %load/vec4 v0000026f000118c0_0;
    %load/vec4 v0000026f00011780_0;
    %parti/s 30, 2, 3;
    %ix/vec4 3;
    %ix/load 4, 0, 0; Constant delay
    %assign/vec4/a/d v0000026f00010600, 0, 4;
T_11.0 ;
    %jmp T_11;
    .thread T_11;
    .scope S_0000026f7fc04320;
T_12 ;
    %wait E_0000026f7fc29910;
    %load/vec4 v0000026f00014a80_0;
    %nor/r;
    %flag_set/vec4 8;
    %jmp/0xz  T_12.0, 8;
    %pushi/vec4 0, 0, 32;
    %assign/vec4 v0000026f000153e0_0, 0;
    %pushi/vec4 0, 0, 32;
    %assign/vec4 v0000026f00015e80_0, 0;
    %jmp T_12.1;
T_12.0 ;
    %load/vec4 v0000026f00015de0_0;
    %assign/vec4 v0000026f000153e0_0, 0;
    %load/vec4 v0000026f000150c0_0;
    %assign/vec4 v0000026f00015e80_0, 0;
T_12.1 ;
    %jmp T_12;
    .thread T_12;
    .scope S_0000026f7fc04320;
T_13 ;
    %wait E_0000026f7fc29910;
    %load/vec4 v0000026f00014a80_0;
    %nor/r;
    %flag_set/vec4 8;
    %jmp/0xz  T_13.0, 8;
    %pushi/vec4 0, 0, 5;
    %split/vec4 1;
    %assign/vec4 v0000026f00014c60_0, 0;
    %split/vec4 1;
    %assign/vec4 v0000026f00015f20_0, 0;
    %split/vec4 1;
    %assign/vec4 v0000026f00014ee0_0, 0;
    %split/vec4 1;
    %assign/vec4 v0000026f00014300_0, 0;
    %assign/vec4 v0000026f00014e40_0, 0;
    %pushi/vec4 0, 0, 3;
    %assign/vec4 v0000026f00013970_0, 0;
    %pushi/vec4 0, 0, 96;
    %split/vec4 32;
    %assign/vec4 v0000026f000149e0_0, 0;
    %split/vec4 32;
    %assign/vec4 v0000026f00015b60_0, 0;
    %assign/vec4 v0000026f00015840_0, 0;
    %pushi/vec4 0, 0, 15;
    %split/vec4 5;
    %assign/vec4 v0000026f00014580_0, 0;
    %split/vec4 5;
    %assign/vec4 v0000026f00015160_0, 0;
    %assign/vec4 v0000026f00014940_0, 0;
    %jmp T_13.1;
T_13.0 ;
    %load/vec4 v0000026f00014d00_0;
    %assign/vec4 v0000026f00014e40_0, 0;
    %load/vec4 v0000026f00015fc0_0;
    %assign/vec4 v0000026f00014300_0, 0;
    %load/vec4 v0000026f00014da0_0;
    %assign/vec4 v0000026f00014ee0_0, 0;
    %load/vec4 v0000026f00013f10_0;
    %assign/vec4 v0000026f00013970_0, 0;
    %load/vec4 v0000026f00015340_0;
    %assign/vec4 v0000026f00015f20_0, 0;
    %load/vec4 v0000026f00015660_0;
    %assign/vec4 v0000026f00014c60_0, 0;
    %load/vec4 v0000026f000146c0_0;
    %assign/vec4 v0000026f00015840_0, 0;
    %load/vec4 v0000026f000155c0_0;
    %assign/vec4 v0000026f00015b60_0, 0;
    %load/vec4 v0000026f000157a0_0;
    %assign/vec4 v0000026f000149e0_0, 0;
    %load/vec4 v0000026f000143a0_0;
    %parti/s 5, 21, 6;
    %assign/vec4 v0000026f00014940_0, 0;
    %load/vec4 v0000026f000143a0_0;
    %parti/s 5, 16, 6;
    %assign/vec4 v0000026f00015160_0, 0;
    %load/vec4 v0000026f000143a0_0;
    %parti/s 5, 11, 5;
    %assign/vec4 v0000026f00014580_0, 0;
T_13.1 ;
    %jmp T_13;
    .thread T_13;
    .scope S_0000026f7fc04320;
T_14 ;
    %wait E_0000026f7fc29910;
    %load/vec4 v0000026f00014a80_0;
    %nor/r;
    %flag_set/vec4 8;
    %jmp/0xz  T_14.0, 8;
    %pushi/vec4 0, 0, 3;
    %split/vec4 1;
    %assign/vec4 v0000026f00015ac0_0, 0;
    %split/vec4 1;
    %assign/vec4 v0000026f000158e0_0, 0;
    %assign/vec4 v0000026f00015c00_0, 0;
    %pushi/vec4 0, 0, 64;
    %split/vec4 32;
    %assign/vec4 v0000026f00015700_0, 0;
    %assign/vec4 v0000026f00013fb0_0, 0;
    %pushi/vec4 0, 0, 5;
    %assign/vec4 v0000026f00015a20_0, 0;
    %jmp T_14.1;
T_14.0 ;
    %load/vec4 v0000026f00014e40_0;
    %assign/vec4 v0000026f00015c00_0, 0;
    %load/vec4 v0000026f00014300_0;
    %assign/vec4 v0000026f000158e0_0, 0;
    %load/vec4 v0000026f00014ee0_0;
    %assign/vec4 v0000026f00015ac0_0, 0;
    %load/vec4 v0000026f00013e70_0;
    %assign/vec4 v0000026f00013fb0_0, 0;
    %load/vec4 v0000026f00015b60_0;
    %assign/vec4 v0000026f00015700_0, 0;
    %load/vec4 v0000026f00015980_0;
    %assign/vec4 v0000026f00015a20_0, 0;
T_14.1 ;
    %jmp T_14;
    .thread T_14;
    .scope S_0000026f7fc04320;
T_15 ;
    %wait E_0000026f7fc29910;
    %load/vec4 v0000026f00014a80_0;
    %nor/r;
    %flag_set/vec4 8;
    %jmp/0xz  T_15.0, 8;
    %pushi/vec4 0, 0, 2;
    %split/vec4 1;
    %assign/vec4 v0000026f000144e0_0, 0;
    %assign/vec4 v0000026f00014760_0, 0;
    %pushi/vec4 0, 0, 64;
    %split/vec4 32;
    %assign/vec4 v0000026f00012cf0_0, 0;
    %assign/vec4 v0000026f00014bc0_0, 0;
    %pushi/vec4 0, 0, 5;
    %assign/vec4 v0000026f00017030_0, 0;
    %jmp T_15.1;
T_15.0 ;
    %load/vec4 v0000026f00015c00_0;
    %assign/vec4 v0000026f00014760_0, 0;
    %load/vec4 v0000026f000158e0_0;
    %assign/vec4 v0000026f000144e0_0, 0;
    %load/vec4 v0000026f00014620_0;
    %assign/vec4 v0000026f00014bc0_0, 0;
    %load/vec4 v0000026f00013fb0_0;
    %assign/vec4 v0000026f00012cf0_0, 0;
    %load/vec4 v0000026f00015a20_0;
    %assign/vec4 v0000026f00017030_0, 0;
T_15.1 ;
    %jmp T_15;
    .thread T_15;
    .scope S_0000026f7fc05e30;
T_16 ;
    %pushi/vec4 0, 0, 1;
    %store/vec4 v0000026f000177b0_0, 0, 1;
T_16.0 ;
    %delay 5000, 0;
    %load/vec4 v0000026f000177b0_0;
    %inv;
    %store/vec4 v0000026f000177b0_0, 0, 1;
    %jmp T_16.0;
    %end;
    .thread T_16;
    .scope S_0000026f7fc05e30;
T_17 ;
    %vpi_call 5 21 "$dumpfile", "wave.vcd" {0 0 0};
    %vpi_call 5 22 "$dumpvars", 32'sb00000000000000000000000000000000, S_0000026f7fc05e30 {0 0 0};
    %end;
    .thread T_17;
    .scope S_0000026f7fc05e30;
T_18 ;
    %pushi/vec4 0, 0, 1;
    %store/vec4 v0000026f00016450_0, 0, 1;
    %delay 10000, 0;
    %pushi/vec4 1, 0, 1;
    %store/vec4 v0000026f00016450_0, 0, 1;
    %vpi_call 5 30 "$display", "===========================================" {0 0 0};
    %vpi_call 5 31 "$display", "   Week 8: Global Data Forwarding Unit     " {0 0 0};
    %vpi_call 5 32 "$display", "===========================================" {0 0 0};
    %pushi/vec4 15, 0, 32;
T_18.0 %dup/vec4;
    %pushi/vec4 0, 0, 32;
    %cmp/s;
    %jmp/1xz T_18.1, 5;
    %jmp/1 T_18.1, 4;
    %pushi/vec4 1, 0, 32;
    %sub;
    %wait E_0000026f7fc29fd0;
    %delay 1000, 0;
    %vpi_call 5 37 "$display", "PC: 0x%h | ALU Result: %d", v0000026f00017530_0, v0000026f00017710_0 {0 0 0};
    %jmp T_18.0;
T_18.1 ;
    %pop/vec4 1;
    %vpi_call 5 40 "$display", "===========================================" {0 0 0};
    %vpi_call 5 41 "$display", "   Simulation Complete                   " {0 0 0};
    %vpi_call 5 42 "$display", "===========================================" {0 0 0};
    %vpi_call 5 43 "$finish" {0 0 0};
    %end;
    .thread T_18;
# The file index is used to find the file name in the following table.
:file_names 15;
    "N/A";
    "<interactive>";
    "if_stage.v";
    "instruction_memory.v";
    "pc.v";
    "mips_tb.v";
    "mips.v";
    "control_unit.v";
    "alu_decoder.v";
    "main_decoder.v";
    "datapath.v";
    "alu.v";
    "data_memory.v";
    "forwarding_unit.v";
    "reg_file.v";
