#! /c/Source/iverilog-install/bin/vvp
:ivl_version "12.0 (devel)" "(s20150603-1539-g2693dd32b)";
:ivl_delay_selection "TYPICAL";
:vpi_time_precision - 12;
:vpi_module "C:\iverilog\lib\ivl\system.vpi";
:vpi_module "C:\iverilog\lib\ivl\vhdl_sys.vpi";
:vpi_module "C:\iverilog\lib\ivl\vhdl_textio.vpi";
:vpi_module "C:\iverilog\lib\ivl\v2005_math.vpi";
:vpi_module "C:\iverilog\lib\ivl\va_math.vpi";
S_0000013f9d4a7be0 .scope module, "mips_tb" "mips_tb" 2 2;
 .timescale -9 -12;
v0000013f9d526610_0 .net "alu_result", 31 0, v0000013f9d4c1a10_0;  1 drivers
v0000013f9d526070_0 .var "clk", 0 0;
v0000013f9d525210_0 .net "pc_out", 31 0, L_0000013f9d5273f0;  1 drivers
v0000013f9d526110_0 .var "rst_n", 0 0;
E_0000013f9d4b5e70 .event negedge, v0000013f9d4bffd0_0;
S_0000013f9d4a7d70 .scope module, "uut" "mips" 2 8, 3 2 0, S_0000013f9d4a7be0;
 .timescale -9 -12;
    .port_info 0 /INPUT 1 "clk";
    .port_info 1 /INPUT 1 "rst_n";
    .port_info 2 /OUTPUT 32 "pc_out";
    .port_info 3 /OUTPUT 32 "alu_result";
v0000013f9d525d50_0 .net "alu_ctrl", 2 0, v0000013f9d4c10b0_0;  1 drivers
v0000013f9d5252b0_0 .net "alu_result", 31 0, v0000013f9d4c1a10_0;  alias, 1 drivers
v0000013f9d525e90_0 .net "alu_src", 0 0, L_0000013f9d525350;  1 drivers
v0000013f9d525df0_0 .net "branch", 0 0, L_0000013f9d525490;  1 drivers
v0000013f9d5257b0_0 .net "clk", 0 0, v0000013f9d526070_0;  1 drivers
v0000013f9d5250d0_0 .net "instr", 31 0, L_0000013f9d527b60;  1 drivers
v0000013f9d525fd0_0 .net "mem_to_reg", 0 0, L_0000013f9d5255d0;  1 drivers
v0000013f9d5261b0_0 .net "mem_write", 0 0, L_0000013f9d525530;  1 drivers
v0000013f9d524db0_0 .net "pc_out", 31 0, L_0000013f9d5273f0;  alias, 1 drivers
v0000013f9d5264d0_0 .net "reg_dst", 0 0, L_0000013f9d526570;  1 drivers
v0000013f9d5262f0_0 .net "reg_write", 0 0, L_0000013f9d526390;  1 drivers
v0000013f9d525170_0 .net "rst_n", 0 0, v0000013f9d526110_0;  1 drivers
L_0000013f9d524e50 .part L_0000013f9d527b60, 26, 6;
L_0000013f9d526890 .part L_0000013f9d527b60, 0, 6;
S_0000013f9d4a3be0 .scope module, "u_control" "control_unit" 3 18, 4 2 0, S_0000013f9d4a7d70;
 .timescale -9 -12;
    .port_info 0 /INPUT 6 "opcode";
    .port_info 1 /INPUT 6 "funct";
    .port_info 2 /OUTPUT 1 "mem_to_reg";
    .port_info 3 /OUTPUT 1 "mem_write";
    .port_info 4 /OUTPUT 1 "branch";
    .port_info 5 /OUTPUT 1 "alu_src";
    .port_info 6 /OUTPUT 1 "reg_dst";
    .port_info 7 /OUTPUT 1 "reg_write";
    .port_info 8 /OUTPUT 3 "alu_ctrl";
v0000013f9d4c0e30_0 .net "alu_ctrl", 2 0, v0000013f9d4c10b0_0;  alias, 1 drivers
v0000013f9d4c0890_0 .net "alu_op", 1 0, L_0000013f9d524ef0;  1 drivers
v0000013f9d4c1150_0 .net "alu_src", 0 0, L_0000013f9d525350;  alias, 1 drivers
v0000013f9d4c0570_0 .net "branch", 0 0, L_0000013f9d525490;  alias, 1 drivers
v0000013f9d4c1d30_0 .net "funct", 5 0, L_0000013f9d526890;  1 drivers
v0000013f9d4c18d0_0 .net "mem_to_reg", 0 0, L_0000013f9d5255d0;  alias, 1 drivers
v0000013f9d4c04d0_0 .net "mem_write", 0 0, L_0000013f9d525530;  alias, 1 drivers
v0000013f9d4c1650_0 .net "opcode", 5 0, L_0000013f9d524e50;  1 drivers
v0000013f9d4c07f0_0 .net "reg_dst", 0 0, L_0000013f9d526570;  alias, 1 drivers
v0000013f9d4c1330_0 .net "reg_write", 0 0, L_0000013f9d526390;  alias, 1 drivers
S_0000013f9d4a3d70 .scope module, "u_alu_dec" "alu_decoder" 4 27, 5 2 0, S_0000013f9d4a3be0;
 .timescale -9 -12;
    .port_info 0 /INPUT 2 "alu_op";
    .port_info 1 /INPUT 6 "funct";
    .port_info 2 /OUTPUT 3 "alu_ctrl";
v0000013f9d4c10b0_0 .var "alu_ctrl", 2 0;
v0000013f9d4c0610_0 .net "alu_op", 1 0, L_0000013f9d524ef0;  alias, 1 drivers
v0000013f9d4c1830_0 .net "funct", 5 0, L_0000013f9d526890;  alias, 1 drivers
E_0000013f9d4b50f0 .event anyedge, v0000013f9d4c0610_0, v0000013f9d4c1830_0;
S_0000013f9d48ee80 .scope module, "u_main_dec" "main_decoder" 4 16, 6 2 0, S_0000013f9d4a3be0;
 .timescale -9 -12;
    .port_info 0 /INPUT 6 "opcode";
    .port_info 1 /OUTPUT 1 "mem_to_reg";
    .port_info 2 /OUTPUT 1 "mem_write";
    .port_info 3 /OUTPUT 1 "branch";
    .port_info 4 /OUTPUT 1 "alu_src";
    .port_info 5 /OUTPUT 1 "reg_dst";
    .port_info 6 /OUTPUT 1 "reg_write";
    .port_info 7 /OUTPUT 2 "alu_op";
v0000013f9d4c0cf0_0 .net *"_ivl_9", 7 0, v0000013f9d4c15b0_0;  1 drivers
v0000013f9d4c1bf0_0 .net "alu_op", 1 0, L_0000013f9d524ef0;  alias, 1 drivers
v0000013f9d4c13d0_0 .net "alu_src", 0 0, L_0000013f9d525350;  alias, 1 drivers
v0000013f9d4c0d90_0 .net "branch", 0 0, L_0000013f9d525490;  alias, 1 drivers
v0000013f9d4c15b0_0 .var "controls", 7 0;
v0000013f9d4c0070_0 .net "mem_to_reg", 0 0, L_0000013f9d5255d0;  alias, 1 drivers
v0000013f9d4c1dd0_0 .net "mem_write", 0 0, L_0000013f9d525530;  alias, 1 drivers
v0000013f9d4c1c90_0 .net "opcode", 5 0, L_0000013f9d524e50;  alias, 1 drivers
v0000013f9d4c02f0_0 .net "reg_dst", 0 0, L_0000013f9d526570;  alias, 1 drivers
v0000013f9d4c0110_0 .net "reg_write", 0 0, L_0000013f9d526390;  alias, 1 drivers
E_0000013f9d4b5cf0 .event anyedge, v0000013f9d4c1c90_0;
L_0000013f9d526390 .part v0000013f9d4c15b0_0, 7, 1;
L_0000013f9d526570 .part v0000013f9d4c15b0_0, 6, 1;
L_0000013f9d525350 .part v0000013f9d4c15b0_0, 5, 1;
L_0000013f9d525490 .part v0000013f9d4c15b0_0, 4, 1;
L_0000013f9d525530 .part v0000013f9d4c15b0_0, 3, 1;
L_0000013f9d5255d0 .part v0000013f9d4c15b0_0, 2, 1;
L_0000013f9d524ef0 .part v0000013f9d4c15b0_0, 0, 2;
S_0000013f9d48f010 .scope module, "u_datapath" "datapath" 3 30, 7 3 0, S_0000013f9d4a7d70;
 .timescale -9 -12;
    .port_info 0 /INPUT 1 "clk";
    .port_info 1 /INPUT 1 "rst_n";
    .port_info 2 /INPUT 1 "reg_write_en";
    .port_info 3 /INPUT 1 "reg_dst";
    .port_info 4 /INPUT 1 "alu_src";
    .port_info 5 /INPUT 3 "alu_ctrl";
    .port_info 6 /INPUT 1 "mem_write_en";
    .port_info 7 /INPUT 1 "mem_to_reg";
    .port_info 8 /INPUT 1 "branch";
    .port_info 9 /OUTPUT 32 "pc_out";
    .port_info 10 /OUTPUT 32 "alu_result";
    .port_info 11 /OUTPUT 32 "instr_out";
L_0000013f9d527b60 .functor BUFZ 32, L_0000013f9d527af0, C4<00000000000000000000000000000000>, C4<00000000000000000000000000000000>, C4<00000000000000000000000000000000>;
L_0000013f9d527a10 .functor AND 1, L_0000013f9d525490, L_0000013f9d538a50, C4<1>, C4<1>;
L_0000013f9d5273f0 .functor BUFZ 32, L_0000013f9d5279a0, C4<00000000000000000000000000000000>, C4<00000000000000000000000000000000>, C4<00000000000000000000000000000000>;
L_0000013f9d8800d0 .functor BUFT 1, C4<00>, C4<0>, C4<0>, C4<0>;
v0000013f9d523a50_0 .net *"_ivl_10", 1 0, L_0000013f9d8800d0;  1 drivers
v0000013f9d522ab0_0 .net *"_ivl_19", 4 0, L_0000013f9d539450;  1 drivers
L_0000013f9d880088 .functor BUFT 1, C4<00000000000000000000000000000100>, C4<0>, C4<0>, C4<0>;
v0000013f9d521bb0_0 .net/2u *"_ivl_2", 31 0, L_0000013f9d880088;  1 drivers
v0000013f9d522010_0 .net *"_ivl_21", 4 0, L_0000013f9d538b90;  1 drivers
v0000013f9d5220b0_0 .net *"_ivl_29", 0 0, L_0000013f9d539f90;  1 drivers
v0000013f9d522290_0 .net *"_ivl_30", 15 0, L_0000013f9d5391d0;  1 drivers
v0000013f9d522470_0 .net *"_ivl_33", 15 0, L_0000013f9d53a030;  1 drivers
v0000013f9d522330_0 .net *"_ivl_6", 31 0, L_0000013f9d525710;  1 drivers
v0000013f9d5223d0_0 .net *"_ivl_8", 29 0, L_0000013f9d526930;  1 drivers
v0000013f9d522510_0 .net "alu_ctrl", 2 0, v0000013f9d4c10b0_0;  alias, 1 drivers
v0000013f9d522dd0_0 .net "alu_result", 31 0, v0000013f9d4c1a10_0;  alias, 1 drivers
v0000013f9d5225b0_0 .net "alu_src", 0 0, L_0000013f9d525350;  alias, 1 drivers
v0000013f9d522a10_0 .net "branch", 0 0, L_0000013f9d525490;  alias, 1 drivers
v0000013f9d522e70_0 .net "branch_target", 31 0, L_0000013f9d525850;  1 drivers
v0000013f9d522f10_0 .net "clk", 0 0, v0000013f9d526070_0;  alias, 1 drivers
v0000013f9d522fb0_0 .net "instr", 31 0, L_0000013f9d527af0;  1 drivers
v0000013f9d526430_0 .net "instr_out", 31 0, L_0000013f9d527b60;  alias, 1 drivers
v0000013f9d525f30_0 .net "mem_to_reg", 0 0, L_0000013f9d5255d0;  alias, 1 drivers
v0000013f9d525030_0 .net "mem_write_en", 0 0, L_0000013f9d525530;  alias, 1 drivers
v0000013f9d526250_0 .net "pc", 31 0, L_0000013f9d5279a0;  1 drivers
v0000013f9d525990_0 .net "pc_out", 31 0, L_0000013f9d5273f0;  alias, 1 drivers
v0000013f9d5258f0_0 .net "pc_plus4", 31 0, L_0000013f9d525670;  1 drivers
v0000013f9d525a30_0 .net "pc_src", 0 0, L_0000013f9d527a10;  1 drivers
v0000013f9d524c70_0 .net "rd1", 31 0, L_0000013f9d5387d0;  1 drivers
v0000013f9d525ad0_0 .net "rd2", 31 0, L_0000013f9d539b30;  1 drivers
v0000013f9d525c10_0 .net "read_data", 31 0, L_0000013f9d528110;  1 drivers
v0000013f9d525b70_0 .net "reg_dst", 0 0, L_0000013f9d526570;  alias, 1 drivers
v0000013f9d5253f0_0 .net "reg_write_en", 0 0, L_0000013f9d526390;  alias, 1 drivers
v0000013f9d526750_0 .net "result", 31 0, L_0000013f9d539d10;  1 drivers
v0000013f9d5266b0_0 .net "rst_n", 0 0, v0000013f9d526110_0;  alias, 1 drivers
v0000013f9d525cb0_0 .net "sign_imm", 31 0, L_0000013f9d539590;  1 drivers
v0000013f9d524d10_0 .net "src_b", 31 0, L_0000013f9d5399f0;  1 drivers
v0000013f9d5267f0_0 .net "write_reg", 4 0, L_0000013f9d539130;  1 drivers
v0000013f9d524f90_0 .net "zero_flag", 0 0, L_0000013f9d538a50;  1 drivers
L_0000013f9d525670 .arith/sum 32, L_0000013f9d5279a0, L_0000013f9d880088;
L_0000013f9d526930 .part L_0000013f9d539590, 0, 30;
L_0000013f9d525710 .concat [ 2 30 0 0], L_0000013f9d8800d0, L_0000013f9d526930;
L_0000013f9d525850 .arith/sum 32, L_0000013f9d525670, L_0000013f9d525710;
L_0000013f9d539450 .part L_0000013f9d527af0, 11, 5;
L_0000013f9d538b90 .part L_0000013f9d527af0, 16, 5;
L_0000013f9d539130 .functor MUXZ 5, L_0000013f9d538b90, L_0000013f9d539450, L_0000013f9d526570, C4<>;
L_0000013f9d539c70 .part L_0000013f9d527af0, 21, 5;
L_0000013f9d5384b0 .part L_0000013f9d527af0, 16, 5;
L_0000013f9d539f90 .part L_0000013f9d527af0, 15, 1;
LS_0000013f9d5391d0_0_0 .concat [ 1 1 1 1], L_0000013f9d539f90, L_0000013f9d539f90, L_0000013f9d539f90, L_0000013f9d539f90;
LS_0000013f9d5391d0_0_4 .concat [ 1 1 1 1], L_0000013f9d539f90, L_0000013f9d539f90, L_0000013f9d539f90, L_0000013f9d539f90;
LS_0000013f9d5391d0_0_8 .concat [ 1 1 1 1], L_0000013f9d539f90, L_0000013f9d539f90, L_0000013f9d539f90, L_0000013f9d539f90;
LS_0000013f9d5391d0_0_12 .concat [ 1 1 1 1], L_0000013f9d539f90, L_0000013f9d539f90, L_0000013f9d539f90, L_0000013f9d539f90;
L_0000013f9d5391d0 .concat [ 4 4 4 4], LS_0000013f9d5391d0_0_0, LS_0000013f9d5391d0_0_4, LS_0000013f9d5391d0_0_8, LS_0000013f9d5391d0_0_12;
L_0000013f9d53a030 .part L_0000013f9d527af0, 0, 16;
L_0000013f9d539590 .concat [ 16 16 0 0], L_0000013f9d53a030, L_0000013f9d5391d0;
L_0000013f9d5399f0 .functor MUXZ 32, L_0000013f9d539b30, L_0000013f9d539590, L_0000013f9d525350, C4<>;
L_0000013f9d539d10 .functor MUXZ 32, v0000013f9d4c1a10_0, L_0000013f9d528110, L_0000013f9d5255d0, C4<>;
S_0000013f9d4a73e0 .scope module, "u_alu" "alu" 7 75, 8 2 0, S_0000013f9d48f010;
 .timescale -9 -12;
    .port_info 0 /INPUT 32 "src_a";
    .port_info 1 /INPUT 32 "src_b";
    .port_info 2 /INPUT 3 "alu_ctrl";
    .port_info 3 /OUTPUT 32 "result";
    .port_info 4 /OUTPUT 1 "zero";
L_0000013f9d880310 .functor BUFT 1, C4<00000000000000000000000000000000>, C4<0>, C4<0>, C4<0>;
v0000013f9d4c0bb0_0 .net/2u *"_ivl_0", 31 0, L_0000013f9d880310;  1 drivers
v0000013f9d4c1970_0 .net "alu_ctrl", 2 0, v0000013f9d4c10b0_0;  alias, 1 drivers
v0000013f9d4c1a10_0 .var "result", 31 0;
v0000013f9d4c1b50_0 .net "src_a", 31 0, L_0000013f9d5387d0;  alias, 1 drivers
v0000013f9d4c0ed0_0 .net "src_b", 31 0, L_0000013f9d5399f0;  alias, 1 drivers
v0000013f9d4c0f70_0 .net "zero", 0 0, L_0000013f9d538a50;  alias, 1 drivers
E_0000013f9d4b5970 .event anyedge, v0000013f9d4c10b0_0, v0000013f9d4c1b50_0, v0000013f9d4c0ed0_0;
L_0000013f9d538a50 .cmp/eq 32, v0000013f9d4c1a10_0, L_0000013f9d880310;
S_0000013f9d4a7570 .scope module, "u_data_mem" "data_memory" 7 84, 9 2 0, S_0000013f9d48f010;
 .timescale -9 -12;
    .port_info 0 /INPUT 1 "clk";
    .port_info 1 /INPUT 1 "mem_write_en";
    .port_info 2 /INPUT 32 "addr";
    .port_info 3 /INPUT 32 "write_data";
    .port_info 4 /OUTPUT 32 "read_data";
P_0000013f9d3fe460 .param/l "DEPTH" 0 9 4, +C4<00000000000000000000000100000000>;
P_0000013f9d3fe498 .param/l "WIDTH" 0 9 3, +C4<00000000000000000000000000100000>;
L_0000013f9d528110 .functor BUFZ 32, L_0000013f9d538690, C4<00000000000000000000000000000000>, C4<00000000000000000000000000000000>, C4<00000000000000000000000000000000>;
v0000013f9d4c01b0_0 .net *"_ivl_0", 31 0, L_0000013f9d538690;  1 drivers
v0000013f9d4c1e70_0 .net *"_ivl_3", 29 0, L_0000013f9d538af0;  1 drivers
v0000013f9d4c0250_0 .net "addr", 31 0, v0000013f9d4c1a10_0;  alias, 1 drivers
v0000013f9d4bffd0_0 .net "clk", 0 0, v0000013f9d526070_0;  alias, 1 drivers
v0000013f9d4c0390_0 .net "mem_write_en", 0 0, L_0000013f9d525530;  alias, 1 drivers
v0000013f9d4c0430 .array "ram", 255 0, 31 0;
v0000013f9d4c06b0_0 .net "read_data", 31 0, L_0000013f9d528110;  alias, 1 drivers
v0000013f9d4c0750_0 .net "write_data", 31 0, L_0000013f9d539b30;  alias, 1 drivers
E_0000013f9d4b5d30 .event posedge, v0000013f9d4bffd0_0;
L_0000013f9d538690 .array/port v0000013f9d4c0430, L_0000013f9d538af0;
L_0000013f9d538af0 .part v0000013f9d4c1a10_0, 2, 30;
S_0000013f9d49f300 .scope module, "u_if_stage" "if_stage" 7 43, 10 2 0, S_0000013f9d48f010;
 .timescale -9 -12;
    .port_info 0 /INPUT 1 "clk";
    .port_info 1 /INPUT 1 "rst_n";
    .port_info 2 /INPUT 1 "pc_src";
    .port_info 3 /INPUT 32 "branch_target";
    .port_info 4 /OUTPUT 32 "instr";
    .port_info 5 /OUTPUT 32 "current_pc";
L_0000013f9d5279a0 .functor BUFZ 32, v0000013f9d5226f0_0, C4<00000000000000000000000000000000>, C4<00000000000000000000000000000000>, C4<00000000000000000000000000000000>;
L_0000013f9d880118 .functor BUFT 1, C4<00000000000000000000000000000100>, C4<0>, C4<0>, C4<0>;
v0000013f9d522b50_0 .net/2u *"_ivl_0", 31 0, L_0000013f9d880118;  1 drivers
v0000013f9d521c50_0 .net "branch_target", 31 0, L_0000013f9d525850;  alias, 1 drivers
v0000013f9d523050_0 .net "clk", 0 0, v0000013f9d526070_0;  alias, 1 drivers
v0000013f9d521e30_0 .net "current_pc", 31 0, L_0000013f9d5279a0;  alias, 1 drivers
v0000013f9d5230f0_0 .net "instr", 31 0, L_0000013f9d527af0;  alias, 1 drivers
v0000013f9d521cf0_0 .net "pc", 31 0, v0000013f9d5226f0_0;  1 drivers
v0000013f9d522bf0_0 .net "pc_next", 31 0, L_0000013f9d526a70;  1 drivers
v0000013f9d523870_0 .net "pc_plus4", 31 0, L_0000013f9d5269d0;  1 drivers
v0000013f9d523410_0 .net "pc_src", 0 0, L_0000013f9d527a10;  alias, 1 drivers
v0000013f9d523910_0 .net "rst_n", 0 0, v0000013f9d526110_0;  alias, 1 drivers
L_0000013f9d5269d0 .arith/sum 32, v0000013f9d5226f0_0, L_0000013f9d880118;
L_0000013f9d526a70 .functor MUXZ 32, L_0000013f9d5269d0, L_0000013f9d525850, L_0000013f9d527a10, C4<>;
S_0000013f9d49f490 .scope module, "u_imem" "instruction_memory" 10 24, 11 2 0, S_0000013f9d49f300;
 .timescale -9 -12;
    .port_info 0 /INPUT 32 "addr";
    .port_info 1 /OUTPUT 32 "rd";
P_0000013f9d3f6aa0 .param/l "DEPTH" 0 11 4, +C4<00000000000000000000000100000000>;
P_0000013f9d3f6ad8 .param/l "WIDTH" 0 11 3, +C4<00000000000000000000000000100000>;
L_0000013f9d527af0 .functor BUFZ 32, L_0000013f9d524bd0, C4<00000000000000000000000000000000>, C4<00000000000000000000000000000000>, C4<00000000000000000000000000000000>;
v0000013f9d4c0930_0 .net *"_ivl_0", 31 0, L_0000013f9d524bd0;  1 drivers
v0000013f9d4c09d0_0 .net *"_ivl_3", 29 0, L_0000013f9d5393b0;  1 drivers
v0000013f9d4c0a70_0 .net "addr", 31 0, v0000013f9d5226f0_0;  alias, 1 drivers
v0000013f9d4c0b10 .array "ram", 255 0, 31 0;
v0000013f9d4c0c50_0 .net "rd", 31 0, L_0000013f9d527af0;  alias, 1 drivers
L_0000013f9d524bd0 .array/port v0000013f9d4c0b10, L_0000013f9d5393b0;
L_0000013f9d5393b0 .part v0000013f9d5226f0_0, 2, 30;
S_0000013f9d497370 .scope module, "u_pc" "pc" 10 14, 12 2 0, S_0000013f9d49f300;
 .timescale -9 -12;
    .port_info 0 /INPUT 1 "clk";
    .port_info 1 /INPUT 1 "rst_n";
    .port_info 2 /INPUT 32 "pc_next";
    .port_info 3 /OUTPUT 32 "pc";
v0000013f9d4b7670_0 .net "clk", 0 0, v0000013f9d526070_0;  alias, 1 drivers
v0000013f9d5226f0_0 .var "pc", 31 0;
v0000013f9d522650_0 .net "pc_next", 31 0, L_0000013f9d526a70;  alias, 1 drivers
v0000013f9d521d90_0 .net "rst_n", 0 0, v0000013f9d526110_0;  alias, 1 drivers
E_0000013f9d4b59f0/0 .event negedge, v0000013f9d521d90_0;
E_0000013f9d4b59f0/1 .event posedge, v0000013f9d4bffd0_0;
E_0000013f9d4b59f0 .event/or E_0000013f9d4b59f0/0, E_0000013f9d4b59f0/1;
S_0000013f9d497500 .scope module, "u_reg_file" "reg_file" 7 57, 13 2 0, S_0000013f9d48f010;
 .timescale -9 -12;
    .port_info 0 /INPUT 1 "clk";
    .port_info 1 /INPUT 1 "we3";
    .port_info 2 /INPUT 5 "wa3";
    .port_info 3 /INPUT 32 "wd3";
    .port_info 4 /INPUT 5 "ra1";
    .port_info 5 /INPUT 5 "ra2";
    .port_info 6 /OUTPUT 32 "rd1";
    .port_info 7 /OUTPUT 32 "rd2";
L_0000013f9d880160 .functor BUFT 1, C4<00000>, C4<0>, C4<0>, C4<0>;
v0000013f9d5221f0_0 .net/2u *"_ivl_0", 4 0, L_0000013f9d880160;  1 drivers
L_0000013f9d8801f0 .functor BUFT 1, C4<00>, C4<0>, C4<0>, C4<0>;
v0000013f9d523370_0 .net *"_ivl_11", 1 0, L_0000013f9d8801f0;  1 drivers
L_0000013f9d880238 .functor BUFT 1, C4<00000>, C4<0>, C4<0>, C4<0>;
v0000013f9d522150_0 .net/2u *"_ivl_14", 4 0, L_0000013f9d880238;  1 drivers
v0000013f9d523190_0 .net *"_ivl_16", 0 0, L_0000013f9d538d70;  1 drivers
L_0000013f9d880280 .functor BUFT 1, C4<00000000000000000000000000000000>, C4<0>, C4<0>, C4<0>;
v0000013f9d5232d0_0 .net/2u *"_ivl_18", 31 0, L_0000013f9d880280;  1 drivers
v0000013f9d523230_0 .net *"_ivl_2", 0 0, L_0000013f9d539bd0;  1 drivers
v0000013f9d523730_0 .net *"_ivl_20", 31 0, L_0000013f9d538870;  1 drivers
v0000013f9d522790_0 .net *"_ivl_22", 6 0, L_0000013f9d539a90;  1 drivers
L_0000013f9d8802c8 .functor BUFT 1, C4<00>, C4<0>, C4<0>, C4<0>;
v0000013f9d521ed0_0 .net *"_ivl_25", 1 0, L_0000013f9d8802c8;  1 drivers
L_0000013f9d8801a8 .functor BUFT 1, C4<00000000000000000000000000000000>, C4<0>, C4<0>, C4<0>;
v0000013f9d5234b0_0 .net/2u *"_ivl_4", 31 0, L_0000013f9d8801a8;  1 drivers
v0000013f9d522c90_0 .net *"_ivl_6", 31 0, L_0000013f9d538910;  1 drivers
v0000013f9d523550_0 .net *"_ivl_8", 6 0, L_0000013f9d5389b0;  1 drivers
v0000013f9d5235f0_0 .net "clk", 0 0, v0000013f9d526070_0;  alias, 1 drivers
v0000013f9d5239b0_0 .net "ra1", 4 0, L_0000013f9d539c70;  1 drivers
v0000013f9d522d30_0 .net "ra2", 4 0, L_0000013f9d5384b0;  1 drivers
v0000013f9d522830_0 .net "rd1", 31 0, L_0000013f9d5387d0;  alias, 1 drivers
v0000013f9d5228d0_0 .net "rd2", 31 0, L_0000013f9d539b30;  alias, 1 drivers
v0000013f9d523690 .array "rf", 0 31, 31 0;
v0000013f9d521f70_0 .net "wa3", 4 0, L_0000013f9d539130;  alias, 1 drivers
v0000013f9d5237d0_0 .net "wd3", 31 0, L_0000013f9d539d10;  alias, 1 drivers
v0000013f9d522970_0 .net "we3", 0 0, L_0000013f9d526390;  alias, 1 drivers
L_0000013f9d539bd0 .cmp/eq 5, L_0000013f9d539c70, L_0000013f9d880160;
L_0000013f9d538910 .array/port v0000013f9d523690, L_0000013f9d5389b0;
L_0000013f9d5389b0 .concat [ 5 2 0 0], L_0000013f9d539c70, L_0000013f9d8801f0;
L_0000013f9d5387d0 .functor MUXZ 32, L_0000013f9d538910, L_0000013f9d8801a8, L_0000013f9d539bd0, C4<>;
L_0000013f9d538d70 .cmp/eq 5, L_0000013f9d5384b0, L_0000013f9d880238;
L_0000013f9d538870 .array/port v0000013f9d523690, L_0000013f9d539a90;
L_0000013f9d539a90 .concat [ 5 2 0 0], L_0000013f9d5384b0, L_0000013f9d8802c8;
L_0000013f9d539b30 .functor MUXZ 32, L_0000013f9d538870, L_0000013f9d880280, L_0000013f9d538d70, C4<>;
    .scope S_0000013f9d48ee80;
T_0 ;
    %wait E_0000013f9d4b5cf0;
    %load/vec4 v0000013f9d4c1c90_0;
    %dup/vec4;
    %pushi/vec4 0, 0, 6;
    %cmp/u;
    %jmp/1 T_0.0, 6;
    %dup/vec4;
    %pushi/vec4 35, 0, 6;
    %cmp/u;
    %jmp/1 T_0.1, 6;
    %dup/vec4;
    %pushi/vec4 43, 0, 6;
    %cmp/u;
    %jmp/1 T_0.2, 6;
    %dup/vec4;
    %pushi/vec4 4, 0, 6;
    %cmp/u;
    %jmp/1 T_0.3, 6;
    %dup/vec4;
    %pushi/vec4 8, 0, 6;
    %cmp/u;
    %jmp/1 T_0.4, 6;
    %dup/vec4;
    %pushi/vec4 13, 0, 6;
    %cmp/u;
    %jmp/1 T_0.5, 6;
    %pushi/vec4 0, 0, 8;
    %store/vec4 v0000013f9d4c15b0_0, 0, 8;
    %jmp T_0.7;
T_0.0 ;
    %pushi/vec4 194, 0, 8;
    %store/vec4 v0000013f9d4c15b0_0, 0, 8;
    %jmp T_0.7;
T_0.1 ;
    %pushi/vec4 164, 0, 8;
    %store/vec4 v0000013f9d4c15b0_0, 0, 8;
    %jmp T_0.7;
T_0.2 ;
    %pushi/vec4 40, 0, 8;
    %store/vec4 v0000013f9d4c15b0_0, 0, 8;
    %jmp T_0.7;
T_0.3 ;
    %pushi/vec4 17, 0, 8;
    %store/vec4 v0000013f9d4c15b0_0, 0, 8;
    %jmp T_0.7;
T_0.4 ;
    %pushi/vec4 160, 0, 8;
    %store/vec4 v0000013f9d4c15b0_0, 0, 8;
    %jmp T_0.7;
T_0.5 ;
    %pushi/vec4 163, 0, 8;
    %store/vec4 v0000013f9d4c15b0_0, 0, 8;
    %jmp T_0.7;
T_0.7 ;
    %pop/vec4 1;
    %jmp T_0;
    .thread T_0, $push;
    .scope S_0000013f9d4a3d70;
T_1 ;
    %wait E_0000013f9d4b50f0;
    %load/vec4 v0000013f9d4c0610_0;
    %dup/vec4;
    %pushi/vec4 0, 0, 2;
    %cmp/u;
    %jmp/1 T_1.0, 6;
    %dup/vec4;
    %pushi/vec4 1, 0, 2;
    %cmp/u;
    %jmp/1 T_1.1, 6;
    %dup/vec4;
    %pushi/vec4 3, 0, 2;
    %cmp/u;
    %jmp/1 T_1.2, 6;
    %dup/vec4;
    %pushi/vec4 2, 0, 2;
    %cmp/u;
    %jmp/1 T_1.3, 6;
    %pushi/vec4 0, 0, 3;
    %store/vec4 v0000013f9d4c10b0_0, 0, 3;
    %jmp T_1.5;
T_1.0 ;
    %pushi/vec4 2, 0, 3;
    %store/vec4 v0000013f9d4c10b0_0, 0, 3;
    %jmp T_1.5;
T_1.1 ;
    %pushi/vec4 6, 0, 3;
    %store/vec4 v0000013f9d4c10b0_0, 0, 3;
    %jmp T_1.5;
T_1.2 ;
    %pushi/vec4 1, 0, 3;
    %store/vec4 v0000013f9d4c10b0_0, 0, 3;
    %jmp T_1.5;
T_1.3 ;
    %load/vec4 v0000013f9d4c1830_0;
    %dup/vec4;
    %pushi/vec4 32, 0, 6;
    %cmp/u;
    %jmp/1 T_1.6, 6;
    %dup/vec4;
    %pushi/vec4 34, 0, 6;
    %cmp/u;
    %jmp/1 T_1.7, 6;
    %dup/vec4;
    %pushi/vec4 36, 0, 6;
    %cmp/u;
    %jmp/1 T_1.8, 6;
    %dup/vec4;
    %pushi/vec4 37, 0, 6;
    %cmp/u;
    %jmp/1 T_1.9, 6;
    %dup/vec4;
    %pushi/vec4 42, 0, 6;
    %cmp/u;
    %jmp/1 T_1.10, 6;
    %pushi/vec4 2, 0, 3;
    %store/vec4 v0000013f9d4c10b0_0, 0, 3;
    %jmp T_1.12;
T_1.6 ;
    %pushi/vec4 2, 0, 3;
    %store/vec4 v0000013f9d4c10b0_0, 0, 3;
    %jmp T_1.12;
T_1.7 ;
    %pushi/vec4 6, 0, 3;
    %store/vec4 v0000013f9d4c10b0_0, 0, 3;
    %jmp T_1.12;
T_1.8 ;
    %pushi/vec4 0, 0, 3;
    %store/vec4 v0000013f9d4c10b0_0, 0, 3;
    %jmp T_1.12;
T_1.9 ;
    %pushi/vec4 1, 0, 3;
    %store/vec4 v0000013f9d4c10b0_0, 0, 3;
    %jmp T_1.12;
T_1.10 ;
    %pushi/vec4 7, 0, 3;
    %store/vec4 v0000013f9d4c10b0_0, 0, 3;
    %jmp T_1.12;
T_1.12 ;
    %pop/vec4 1;
    %jmp T_1.5;
T_1.5 ;
    %pop/vec4 1;
    %jmp T_1;
    .thread T_1, $push;
    .scope S_0000013f9d497370;
T_2 ;
    %wait E_0000013f9d4b59f0;
    %load/vec4 v0000013f9d521d90_0;
    %nor/r;
    %flag_set/vec4 8;
    %jmp/0xz  T_2.0, 8;
    %pushi/vec4 0, 0, 32;
    %assign/vec4 v0000013f9d5226f0_0, 0;
    %jmp T_2.1;
T_2.0 ;
    %load/vec4 v0000013f9d522650_0;
    %assign/vec4 v0000013f9d5226f0_0, 0;
T_2.1 ;
    %jmp T_2;
    .thread T_2;
    .scope S_0000013f9d49f490;
T_3 ;
    %vpi_call 11 12 "$readmemh", "memfile.dat", v0000013f9d4c0b10 {0 0 0};
    %end;
    .thread T_3;
    .scope S_0000013f9d497500;
T_4 ;
    %wait E_0000013f9d4b5d30;
    %load/vec4 v0000013f9d522970_0;
    %flag_set/vec4 9;
    %flag_get/vec4 9;
    %jmp/0 T_4.2, 9;
    %load/vec4 v0000013f9d521f70_0;
    %pushi/vec4 0, 0, 5;
    %cmp/ne;
    %flag_get/vec4 4;
    %and;
T_4.2;
    %flag_set/vec4 8;
    %jmp/0xz  T_4.0, 8;
    %load/vec4 v0000013f9d5237d0_0;
    %load/vec4 v0000013f9d521f70_0;
    %pad/u 7;
    %ix/vec4 3;
    %ix/load 4, 0, 0; Constant delay
    %assign/vec4/a/d v0000013f9d523690, 0, 4;
T_4.0 ;
    %jmp T_4;
    .thread T_4;
    .scope S_0000013f9d4a73e0;
T_5 ;
    %wait E_0000013f9d4b5970;
    %load/vec4 v0000013f9d4c1970_0;
    %dup/vec4;
    %pushi/vec4 0, 0, 3;
    %cmp/u;
    %jmp/1 T_5.0, 6;
    %dup/vec4;
    %pushi/vec4 1, 0, 3;
    %cmp/u;
    %jmp/1 T_5.1, 6;
    %dup/vec4;
    %pushi/vec4 2, 0, 3;
    %cmp/u;
    %jmp/1 T_5.2, 6;
    %dup/vec4;
    %pushi/vec4 6, 0, 3;
    %cmp/u;
    %jmp/1 T_5.3, 6;
    %dup/vec4;
    %pushi/vec4 7, 0, 3;
    %cmp/u;
    %jmp/1 T_5.4, 6;
    %pushi/vec4 0, 0, 32;
    %store/vec4 v0000013f9d4c1a10_0, 0, 32;
    %jmp T_5.6;
T_5.0 ;
    %load/vec4 v0000013f9d4c1b50_0;
    %load/vec4 v0000013f9d4c0ed0_0;
    %and;
    %store/vec4 v0000013f9d4c1a10_0, 0, 32;
    %jmp T_5.6;
T_5.1 ;
    %load/vec4 v0000013f9d4c1b50_0;
    %load/vec4 v0000013f9d4c0ed0_0;
    %or;
    %store/vec4 v0000013f9d4c1a10_0, 0, 32;
    %jmp T_5.6;
T_5.2 ;
    %load/vec4 v0000013f9d4c1b50_0;
    %load/vec4 v0000013f9d4c0ed0_0;
    %add;
    %store/vec4 v0000013f9d4c1a10_0, 0, 32;
    %jmp T_5.6;
T_5.3 ;
    %load/vec4 v0000013f9d4c1b50_0;
    %load/vec4 v0000013f9d4c0ed0_0;
    %sub;
    %store/vec4 v0000013f9d4c1a10_0, 0, 32;
    %jmp T_5.6;
T_5.4 ;
    %load/vec4 v0000013f9d4c1b50_0;
    %load/vec4 v0000013f9d4c0ed0_0;
    %cmp/s;
    %flag_mov 8, 5;
    %jmp/0 T_5.7, 8;
    %pushi/vec4 1, 0, 32;
    %jmp/1 T_5.8, 8;
T_5.7 ; End of true expr.
    %pushi/vec4 0, 0, 32;
    %jmp/0 T_5.8, 8;
 ; End of false expr.
    %blend;
T_5.8;
    %store/vec4 v0000013f9d4c1a10_0, 0, 32;
    %jmp T_5.6;
T_5.6 ;
    %pop/vec4 1;
    %jmp T_5;
    .thread T_5, $push;
    .scope S_0000013f9d4a7570;
T_6 ;
    %wait E_0000013f9d4b5d30;
    %load/vec4 v0000013f9d4c0390_0;
    %flag_set/vec4 8;
    %jmp/0xz  T_6.0, 8;
    %load/vec4 v0000013f9d4c0750_0;
    %load/vec4 v0000013f9d4c0250_0;
    %parti/s 30, 2, 3;
    %ix/vec4 3;
    %ix/load 4, 0, 0; Constant delay
    %assign/vec4/a/d v0000013f9d4c0430, 0, 4;
T_6.0 ;
    %jmp T_6;
    .thread T_6;
    .scope S_0000013f9d4a7be0;
T_7 ;
    %pushi/vec4 0, 0, 1;
    %store/vec4 v0000013f9d526070_0, 0, 1;
T_7.0 ;
    %delay 5000, 0;
    %load/vec4 v0000013f9d526070_0;
    %inv;
    %store/vec4 v0000013f9d526070_0, 0, 1;
    %jmp T_7.0;
    %end;
    .thread T_7;
    .scope S_0000013f9d4a7be0;
T_8 ;
    %vpi_call 2 21 "$dumpfile", "mips.vcd" {0 0 0};
    %vpi_call 2 22 "$dumpvars", 32'sb00000000000000000000000000000000, S_0000013f9d4a7be0 {0 0 0};
    %end;
    .thread T_8;
    .scope S_0000013f9d4a7be0;
T_9 ;
    %pushi/vec4 0, 0, 1;
    %store/vec4 v0000013f9d526110_0, 0, 1;
    %delay 10000, 0;
    %pushi/vec4 1, 0, 1;
    %store/vec4 v0000013f9d526110_0, 0, 1;
    %vpi_call 2 30 "$display", "===========================================" {0 0 0};
    %vpi_call 2 31 "$display", "   MIPS Single Cycle Simulation Start    " {0 0 0};
    %vpi_call 2 32 "$display", "===========================================" {0 0 0};
    %pushi/vec4 4, 0, 32;
T_9.0 %dup/vec4;
    %pushi/vec4 0, 0, 32;
    %cmp/s;
    %jmp/1xz T_9.1, 5;
    %jmp/1 T_9.1, 4;
    %pushi/vec4 1, 0, 32;
    %sub;
    %wait E_0000013f9d4b5e70;
    %delay 1000, 0;
    %vpi_call 2 37 "$display", "PC: 0x%h | ALU Result: %d", v0000013f9d525210_0, v0000013f9d526610_0 {0 0 0};
    %jmp T_9.0;
T_9.1 ;
    %pop/vec4 1;
    %vpi_call 2 40 "$display", "===========================================" {0 0 0};
    %vpi_call 2 41 "$display", "   Simulation Complete                   " {0 0 0};
    %vpi_call 2 42 "$display", "===========================================" {0 0 0};
    %vpi_call 2 43 "$finish" {0 0 0};
    %end;
    .thread T_9;
# The file index is used to find the file name in the following table.
:file_names 14;
    "N/A";
    "<interactive>";
    "mips_tb.v";
    "mips.v";
    "control_unit.v";
    "alu_decoder.v";
    "main_decoder.v";
    "datapath.v";
    "alu.v";
    "data_memory.v";
    "if_stage.v";
    "instruction_memory.v";
    "pc.v";
    "reg_file.v";
